2015-08-17 07:30:04,377 0    [main] DEBUG jboss.logging  - Logging Provider: org.jboss.logging.Log4jLoggerProvider
2015-08-17 07:30:04,419 42   [main] DEBUG client.EJBClientPropertiesLoader  - Looking for jboss-ejb-client.properties using classloader sun.misc.Launcher$AppClassLoader@29578426
2015-08-17 07:30:04,443 66   [main] DEBUG client.InitialContextFactory  - Looking for jboss-naming-client.properties using classloader sun.misc.Launcher$AppClassLoader@29578426
2015-08-17 07:30:04,445 68   [main] DEBUG client.InitialContextFactory  - jboss.naming.client.endpoint.create.options. has the following options {}
2015-08-17 07:30:04,446 69   [main] DEBUG client.InitialContextFactory  - jboss.naming.client.remote.connectionprovider.create.options. has the following options {}
2015-08-17 07:30:04,479 102  [main] INFO  org.xnio  - XNIO version 3.2.0.Final
2015-08-17 07:30:05,404 1027 [main] INFO  xnio.nio  - XNIO NIO Implementation Version 3.3.0.Final
2015-08-17 07:30:05,526 1149 [Remoting "config-based-naming-client-endpoint" I/O-1] DEBUG xnio.nio  - Started channel thread 'Remoting "config-based-naming-client-endpoint" I/O-1', selector sun.nio.ch.EPollSelectorImpl@7a61053
2015-08-17 07:30:06,109 1732 [main] INFO  jboss.remoting  - JBoss Remoting version 4.0.0.Final
2015-08-17 07:30:06,218 1841 [main] DEBUG client.InitialContextFactory  - jboss.naming.client.connect.options. has the following options {}
2015-08-17 07:30:06,693 2316 [Remoting "config-based-naming-client-endpoint" task-5] DEBUG remoting.RemotingConnectionEJBReceiver  - Channel Channel ID e6af26de (outbound) of Remoting connection 2e490e04 to localhost/127.0.0.1:4447 opened for context EJBReceiverContext{clientContext=org.jboss.ejb.client.EJBClientContext@1e5dba88, receiver=Remoting connection EJB receiver [connection=Remoting connection <47d241c9>,channel=jboss.ejb,nodename=systech-inspiron-5521]} Waiting for version handshake message from server
2015-08-17 07:30:06,748 2371 [Remoting "config-based-naming-client-endpoint" task-6] INFO  client.remoting  - EJBCLIENT000017: Received server version 1 and marshalling strategies [river]
2015-08-17 07:30:06,779 2402 [main] INFO  client.remoting  - EJBCLIENT000013: Successful version handshake completed for receiver context EJBReceiverContext{clientContext=org.jboss.ejb.client.EJBClientContext@1e5dba88, receiver=Remoting connection EJB receiver [connection=Remoting connection <47d241c9>,channel=jboss.ejb,nodename=systech-inspiron-5521]} on channel Channel ID e6af26de (outbound) of Remoting connection 2e490e04 to localhost/127.0.0.1:4447
2015-08-17 07:30:06,781 2404 [Remoting "config-based-naming-client-endpoint" task-7] DEBUG remoting.RemotingConnectionEJBReceiver  - Received module availability report for 2 modules
2015-08-17 07:30:06,782 2405 [Remoting "config-based-naming-client-endpoint" task-7] DEBUG remoting.RemotingConnectionEJBReceiver  - Registering module EJBModuleIdentifier{appName='', moduleName='cmp', distinctName=''} availability for receiver context EJBReceiverContext{clientContext=org.jboss.ejb.client.EJBClientContext@1e5dba88, receiver=Remoting connection EJB receiver [connection=Remoting connection <47d241c9>,channel=jboss.ejb,nodename=systech-inspiron-5521]}
2015-08-17 07:30:06,782 2405 [Remoting "config-based-naming-client-endpoint" task-7] DEBUG remoting.RemotingConnectionEJBReceiver  - Registering module EJBModuleIdentifier{appName='', moduleName='Xi', distinctName=''} availability for receiver context EJBReceiverContext{clientContext=org.jboss.ejb.client.EJBClientContext@1e5dba88, receiver=Remoting connection EJB receiver [connection=Remoting connection <47d241c9>,channel=jboss.ejb,nodename=systech-inspiron-5521]}
2015-08-17 07:30:06,800 2423 [main] DEBUG client.EJBClientContext  - Skipping registration of receiver Remoting connection EJB receiver [connection=Remoting connection <47d241c9>,channel=jboss.ejb,nodename=systech-inspiron-5521] since an EJB receiver already exists for node name systech-inspiron-5521 in client context org.jboss.ejb.client.EJBClientContext@1e5dba88
2015-08-17 07:30:06,801 2424 [Remoting "config-based-naming-client-endpoint" task-8] DEBUG remoting.ChannelAssociation  - Unsupported message received with header 0xffffffff
2015-08-17 07:30:07,393 3016 [main] INFO  ejb.client  - JBoss EJB Client version 2.0.0.Final
2015-08-17 07:30:07,623 3246 [main] DEBUG client.EJBClientContext  - org.jboss.ejb.client.RandomDeploymentNodeSelector@71831114 deployment node selector selected systech-inspiron-5521 node for appname=,modulename=cmp,distinctname=
2015-08-17 07:30:08,283 3906 [main] DEBUG remoting.RemotingConnectionEJBReceiver  - Closing channelChannel ID e6af26de (outbound) of Remoting connection 2e490e04 to localhost/127.0.0.1:4447
2015-08-17 07:30:08,286 3909 [main] ERROR remoting.handler-errors  - Close handler threw an exception
java.util.concurrent.RejectedExecutionException: Task java.util.concurrent.FutureTask@29ec4ecd rejected from java.util.concurrent.ThreadPoolExecutor@59298a3b[Terminated, pool size = 0, active threads = 0, queued tasks = 0, completed tasks = 1]
	at java.util.concurrent.ThreadPoolExecutor$AbortPolicy.rejectedExecution(ThreadPoolExecutor.java:2048)
	at java.util.concurrent.ThreadPoolExecutor.reject(ThreadPoolExecutor.java:821)
	at java.util.concurrent.ThreadPoolExecutor.execute(ThreadPoolExecutor.java:1372)
	at java.util.concurrent.AbstractExecutorService.submit(AbstractExecutorService.java:110)
	at org.jboss.ejb.client.EJBClientContext.unregisterEJBReceiver(EJBClientContext.java:440)
	at org.jboss.ejb.client.EJBReceiverContext.close(EJBReceiverContext.java:57)
	at org.jboss.ejb.client.remoting.RemotingConnectionEJBReceiver$1$1.handleClose(RemotingConnectionEJBReceiver.java:181)
	at org.jboss.ejb.client.remoting.RemotingConnectionEJBReceiver$1$1.handleClose(RemotingConnectionEJBReceiver.java:178)
	at org.jboss.remoting3.spi.SpiUtils.safeHandleClose(SpiUtils.java:54)
	at org.jboss.remoting3.spi.AbstractHandleableCloseable$CloseHandlerTask.run(AbstractHandleableCloseable.java:501)
	at org.jboss.remoting3.spi.AbstractHandleableCloseable.runCloseTask(AbstractHandleableCloseable.java:406)
	at org.jboss.remoting3.spi.AbstractHandleableCloseable.closeComplete(AbstractHandleableCloseable.java:277)
	at org.jboss.remoting3.remote.RemoteConnectionChannel.closeAction(RemoteConnectionChannel.java:531)
	at org.jboss.remoting3.spi.AbstractHandleableCloseable.closeAsync(AbstractHandleableCloseable.java:359)
	at org.jboss.remoting3.remote.RemoteConnectionHandler.closeAllChannels(RemoteConnectionHandler.java:401)
	at org.jboss.remoting3.remote.RemoteConnectionHandler.sendCloseRequest(RemoteConnectionHandler.java:233)
	at org.jboss.remoting3.remote.RemoteConnectionHandler.closeAction(RemoteConnectionHandler.java:387)
	at org.jboss.remoting3.spi.AbstractHandleableCloseable.closeAsync(AbstractHandleableCloseable.java:359)
	at org.jboss.remoting3.ConnectionImpl.closeAction(ConnectionImpl.java:52)
	at org.jboss.remoting3.spi.AbstractHandleableCloseable.closeAsync(AbstractHandleableCloseable.java:359)
	at org.jboss.remoting3.EndpointImpl.closeAction(EndpointImpl.java:203)
	at org.jboss.remoting3.spi.AbstractHandleableCloseable.close(AbstractHandleableCloseable.java:153)
	at org.jboss.naming.remote.client.EndpointCache.release(EndpointCache.java:67)
	at org.jboss.naming.remote.client.EndpointCache$EndpointWrapper.close(EndpointCache.java:183)
	at org.jboss.naming.remote.client.InitialContextFactory$1.close(InitialContextFactory.java:233)
	at org.jboss.naming.remote.client.RemoteContext.close(RemoteContext.java:237)
	at javax.naming.InitialContext.close(InitialContext.java:550)
	at com.pixelandtag.utilities.TestEJB.main(TestEJB.java:75)
2015-08-17 07:30:08,284 3907 [Remoting "config-based-naming-client-endpoint" task-16] INFO  client.remoting  - EJBCLIENT000016: Channel Channel ID e6af26de (outbound) of Remoting connection 2e490e04 to localhost/127.0.0.1:4447 can no longer process messages
2015-08-17 07:30:08,316 3939 [main] DEBUG remoting.ChannelAssociation  - Closing channel Channel ID e6af26de (outbound) of Remoting connection 2e490e04 to localhost/127.0.0.1:4447
2015-08-17 07:30:08,317 3940 [Remoting "config-based-naming-client-endpoint" task-1] DEBUG v1.RemoteNamingStoreV1  - Channel end notification received, closing channel Channel ID ec772d16 (outbound) of Remoting connection 2e490e04 to localhost/127.0.0.1:4447
2015-08-17 07:33:18,603 0    [main] DEBUG jboss.logging  - Logging Provider: org.jboss.logging.Log4jLoggerProvider
2015-08-17 07:33:18,650 47   [main] DEBUG client.EJBClientPropertiesLoader  - Looking for jboss-ejb-client.properties using classloader sun.misc.Launcher$AppClassLoader@1c8825a5
2015-08-17 07:33:18,671 68   [main] DEBUG client.InitialContextFactory  - Looking for jboss-naming-client.properties using classloader sun.misc.Launcher$AppClassLoader@1c8825a5
2015-08-17 07:33:18,673 70   [main] DEBUG client.InitialContextFactory  - jboss.naming.client.endpoint.create.options. has the following options {}
2015-08-17 07:33:18,674 71   [main] DEBUG client.InitialContextFactory  - jboss.naming.client.remote.connectionprovider.create.options. has the following options {}
2015-08-17 07:33:18,691 88   [main] INFO  org.xnio  - XNIO version 3.2.0.Final
2015-08-17 07:33:18,753 150  [main] INFO  xnio.nio  - XNIO NIO Implementation Version 3.3.0.Final
2015-08-17 07:33:18,799 196  [Remoting "config-based-naming-client-endpoint" I/O-1] DEBUG xnio.nio  - Started channel thread 'Remoting "config-based-naming-client-endpoint" I/O-1', selector sun.nio.ch.EPollSelectorImpl@42e21073
2015-08-17 07:33:19,071 468  [main] INFO  jboss.remoting  - JBoss Remoting version 4.0.0.Final
2015-08-17 07:33:19,096 493  [main] DEBUG client.InitialContextFactory  - jboss.naming.client.connect.options. has the following options {}
2015-08-17 07:33:19,265 662  [Remoting "config-based-naming-client-endpoint" task-5] DEBUG remoting.RemotingConnectionEJBReceiver  - Channel Channel ID f1da6e07 (outbound) of Remoting connection 65cad579 to localhost/127.0.0.1:4447 opened for context EJBReceiverContext{clientContext=org.jboss.ejb.client.EJBClientContext@49bcbe77, receiver=Remoting connection EJB receiver [connection=Remoting connection <37b79249>,channel=jboss.ejb,nodename=systech-inspiron-5521]} Waiting for version handshake message from server
2015-08-17 07:33:19,275 672  [Remoting "config-based-naming-client-endpoint" task-6] INFO  client.remoting  - EJBCLIENT000017: Received server version 1 and marshalling strategies [river]
2015-08-17 07:33:19,291 688  [main] INFO  client.remoting  - EJBCLIENT000013: Successful version handshake completed for receiver context EJBReceiverContext{clientContext=org.jboss.ejb.client.EJBClientContext@49bcbe77, receiver=Remoting connection EJB receiver [connection=Remoting connection <37b79249>,channel=jboss.ejb,nodename=systech-inspiron-5521]} on channel Channel ID f1da6e07 (outbound) of Remoting connection 65cad579 to localhost/127.0.0.1:4447
2015-08-17 07:33:19,292 689  [Remoting "config-based-naming-client-endpoint" task-7] DEBUG remoting.RemotingConnectionEJBReceiver  - Received module availability report for 2 modules
2015-08-17 07:33:19,292 689  [Remoting "config-based-naming-client-endpoint" task-7] DEBUG remoting.RemotingConnectionEJBReceiver  - Registering module EJBModuleIdentifier{appName='', moduleName='cmp', distinctName=''} availability for receiver context EJBReceiverContext{clientContext=org.jboss.ejb.client.EJBClientContext@49bcbe77, receiver=Remoting connection EJB receiver [connection=Remoting connection <37b79249>,channel=jboss.ejb,nodename=systech-inspiron-5521]}
2015-08-17 07:33:19,295 692  [Remoting "config-based-naming-client-endpoint" task-7] DEBUG remoting.RemotingConnectionEJBReceiver  - Registering module EJBModuleIdentifier{appName='', moduleName='Xi', distinctName=''} availability for receiver context EJBReceiverContext{clientContext=org.jboss.ejb.client.EJBClientContext@49bcbe77, receiver=Remoting connection EJB receiver [connection=Remoting connection <37b79249>,channel=jboss.ejb,nodename=systech-inspiron-5521]}
2015-08-17 07:33:19,297 694  [Remoting "config-based-naming-client-endpoint" task-8] DEBUG remoting.ChannelAssociation  - Unsupported message received with header 0xffffffff
2015-08-17 07:33:19,302 699  [main] DEBUG client.EJBClientContext  - Skipping registration of receiver Remoting connection EJB receiver [connection=Remoting connection <37b79249>,channel=jboss.ejb,nodename=systech-inspiron-5521] since an EJB receiver already exists for node name systech-inspiron-5521 in client context org.jboss.ejb.client.EJBClientContext@49bcbe77
2015-08-17 07:33:19,444 841  [main] INFO  ejb.client  - JBoss EJB Client version 2.0.0.Final
2015-08-17 07:33:19,511 908  [main] DEBUG client.EJBClientContext  - org.jboss.ejb.client.RandomDeploymentNodeSelector@5799c0a3 deployment node selector selected systech-inspiron-5521 node for appname=,modulename=cmp,distinctname=
2015-08-17 07:33:19,692 1089 [Remoting "config-based-naming-client-endpoint" task-16] INFO  client.remoting  - EJBCLIENT000016: Channel Channel ID f1da6e07 (outbound) of Remoting connection 65cad579 to localhost/127.0.0.1:4447 can no longer process messages
2015-08-17 07:33:19,694 1091 [Thread-1] DEBUG remoting.ChannelAssociation  - Closing channel Channel ID f1da6e07 (outbound) of Remoting connection 65cad579 to localhost/127.0.0.1:4447
2015-08-17 07:33:19,696 1093 [Thread-1] DEBUG remoting.RemotingConnectionEJBReceiver  - Closing channelChannel ID f1da6e07 (outbound) of Remoting connection 65cad579 to localhost/127.0.0.1:4447
2015-08-17 07:33:19,697 1094 [Remoting "config-based-naming-client-endpoint" task-1] DEBUG v1.RemoteNamingStoreV1  - Channel end notification received, closing channel Channel ID af309ed7 (outbound) of Remoting connection 65cad579 to localhost/127.0.0.1:4447
2015-08-17 07:45:30,092 0    [main] DEBUG jboss.logging  - Logging Provider: org.jboss.logging.Log4jLoggerProvider
2015-08-17 07:45:30,137 45   [main] DEBUG client.EJBClientPropertiesLoader  - Looking for jboss-ejb-client.properties using classloader sun.misc.Launcher$AppClassLoader@30a4effe
2015-08-17 07:45:30,158 66   [main] DEBUG client.InitialContextFactory  - Looking for jboss-naming-client.properties using classloader sun.misc.Launcher$AppClassLoader@30a4effe
2015-08-17 07:45:30,159 67   [main] DEBUG client.InitialContextFactory  - jboss.naming.client.endpoint.create.options. has the following options {}
2015-08-17 07:45:30,160 68   [main] DEBUG client.InitialContextFactory  - jboss.naming.client.remote.connectionprovider.create.options. has the following options {}
2015-08-17 07:45:30,176 84   [main] INFO  org.xnio  - XNIO version 3.2.0.Final
2015-08-17 07:45:30,236 144  [main] INFO  xnio.nio  - XNIO NIO Implementation Version 3.3.0.Final
2015-08-17 07:45:30,277 185  [Remoting "config-based-naming-client-endpoint" I/O-1] DEBUG xnio.nio  - Started channel thread 'Remoting "config-based-naming-client-endpoint" I/O-1', selector sun.nio.ch.EPollSelectorImpl@687090a8
2015-08-17 07:45:30,602 510  [main] INFO  jboss.remoting  - JBoss Remoting version 4.0.0.Final
2015-08-17 07:45:30,627 535  [main] DEBUG client.InitialContextFactory  - jboss.naming.client.connect.options. has the following options {}
2015-08-17 07:45:30,786 694  [Remoting "config-based-naming-client-endpoint" task-5] DEBUG remoting.RemotingConnectionEJBReceiver  - Channel Channel ID f45e90a9 (outbound) of Remoting connection 1cbcc961 to localhost/127.0.0.1:4447 opened for context EJBReceiverContext{clientContext=org.jboss.ejb.client.EJBClientContext@440cb577, receiver=Remoting connection EJB receiver [connection=Remoting connection <47d241c9>,channel=jboss.ejb,nodename=systech-inspiron-5521]} Waiting for version handshake message from server
2015-08-17 07:45:30,797 705  [Remoting "config-based-naming-client-endpoint" task-6] INFO  client.remoting  - EJBCLIENT000017: Received server version 1 and marshalling strategies [river]
2015-08-17 07:45:30,812 720  [main] INFO  client.remoting  - EJBCLIENT000013: Successful version handshake completed for receiver context EJBReceiverContext{clientContext=org.jboss.ejb.client.EJBClientContext@440cb577, receiver=Remoting connection EJB receiver [connection=Remoting connection <47d241c9>,channel=jboss.ejb,nodename=systech-inspiron-5521]} on channel Channel ID f45e90a9 (outbound) of Remoting connection 1cbcc961 to localhost/127.0.0.1:4447
2015-08-17 07:45:30,815 723  [Remoting "config-based-naming-client-endpoint" task-7] DEBUG remoting.RemotingConnectionEJBReceiver  - Received module availability report for 2 modules
2015-08-17 07:45:30,815 723  [Remoting "config-based-naming-client-endpoint" task-7] DEBUG remoting.RemotingConnectionEJBReceiver  - Registering module EJBModuleIdentifier{appName='', moduleName='cmp', distinctName=''} availability for receiver context EJBReceiverContext{clientContext=org.jboss.ejb.client.EJBClientContext@440cb577, receiver=Remoting connection EJB receiver [connection=Remoting connection <47d241c9>,channel=jboss.ejb,nodename=systech-inspiron-5521]}
2015-08-17 07:45:30,816 724  [Remoting "config-based-naming-client-endpoint" task-7] DEBUG remoting.RemotingConnectionEJBReceiver  - Registering module EJBModuleIdentifier{appName='', moduleName='Xi', distinctName=''} availability for receiver context EJBReceiverContext{clientContext=org.jboss.ejb.client.EJBClientContext@440cb577, receiver=Remoting connection EJB receiver [connection=Remoting connection <47d241c9>,channel=jboss.ejb,nodename=systech-inspiron-5521]}
2015-08-17 07:45:30,823 731  [Remoting "config-based-naming-client-endpoint" task-8] DEBUG remoting.ChannelAssociation  - Unsupported message received with header 0xffffffff
2015-08-17 07:45:30,824 732  [main] DEBUG client.EJBClientContext  - Skipping registration of receiver Remoting connection EJB receiver [connection=Remoting connection <47d241c9>,channel=jboss.ejb,nodename=systech-inspiron-5521] since an EJB receiver already exists for node name systech-inspiron-5521 in client context org.jboss.ejb.client.EJBClientContext@440cb577
2015-08-17 07:45:30,989 897  [main] INFO  ejb.client  - JBoss EJB Client version 2.0.0.Final
2015-08-17 07:45:31,060 968  [main] DEBUG client.EJBClientContext  - org.jboss.ejb.client.RandomDeploymentNodeSelector@79ebf294 deployment node selector selected systech-inspiron-5521 node for appname=,modulename=cmp,distinctname=
2015-08-17 07:45:31,374 1282 [Remoting "config-based-naming-client-endpoint" task-15] INFO  client.remoting  - EJBCLIENT000016: Channel Channel ID f45e90a9 (outbound) of Remoting connection 1cbcc961 to localhost/127.0.0.1:4447 can no longer process messages
2015-08-17 07:45:31,378 1286 [Thread-1] DEBUG remoting.ChannelAssociation  - Closing channel Channel ID f45e90a9 (outbound) of Remoting connection 1cbcc961 to localhost/127.0.0.1:4447
2015-08-17 07:45:31,380 1288 [Thread-1] DEBUG remoting.RemotingConnectionEJBReceiver  - Closing channelChannel ID f45e90a9 (outbound) of Remoting connection 1cbcc961 to localhost/127.0.0.1:4447
2015-08-17 07:45:31,381 1289 [Remoting "config-based-naming-client-endpoint" task-1] DEBUG v1.RemoteNamingStoreV1  - Channel end notification received, closing channel Channel ID da74c50e (outbound) of Remoting connection 1cbcc961 to localhost/127.0.0.1:4447
2015-08-17 07:51:17,939 0    [main] DEBUG jboss.logging  - Logging Provider: org.jboss.logging.Log4jLoggerProvider
2015-08-17 07:51:17,970 31   [main] DEBUG client.EJBClientPropertiesLoader  - Looking for jboss-ejb-client.properties using classloader sun.misc.Launcher$AppClassLoader@30a4effe
2015-08-17 07:51:17,992 53   [main] DEBUG client.InitialContextFactory  - Looking for jboss-naming-client.properties using classloader sun.misc.Launcher$AppClassLoader@30a4effe
2015-08-17 07:51:17,993 54   [main] DEBUG client.InitialContextFactory  - jboss.naming.client.endpoint.create.options. has the following options {}
2015-08-17 07:51:17,994 55   [main] DEBUG client.InitialContextFactory  - jboss.naming.client.remote.connectionprovider.create.options. has the following options {}
2015-08-17 07:51:18,010 71   [main] INFO  org.xnio  - XNIO version 3.2.0.Final
2015-08-17 07:51:18,063 124  [main] INFO  xnio.nio  - XNIO NIO Implementation Version 3.3.0.Final
2015-08-17 07:51:18,097 158  [Remoting "config-based-naming-client-endpoint" I/O-1] DEBUG xnio.nio  - Started channel thread 'Remoting "config-based-naming-client-endpoint" I/O-1', selector sun.nio.ch.EPollSelectorImpl@687090a8
2015-08-17 07:51:18,353 414  [main] INFO  jboss.remoting  - JBoss Remoting version 4.0.0.Final
2015-08-17 07:51:18,375 436  [main] DEBUG client.InitialContextFactory  - jboss.naming.client.connect.options. has the following options {}
2015-08-17 07:51:18,511 572  [Remoting "config-based-naming-client-endpoint" task-5] DEBUG remoting.RemotingConnectionEJBReceiver  - Channel Channel ID a8d7f87f (outbound) of Remoting connection 6ab30eb5 to localhost/127.0.0.1:4447 opened for context EJBReceiverContext{clientContext=org.jboss.ejb.client.EJBClientContext@20346642, receiver=Remoting connection EJB receiver [connection=Remoting connection <51a212ed>,channel=jboss.ejb,nodename=systech-inspiron-5521]} Waiting for version handshake message from server
2015-08-17 07:51:18,521 582  [Remoting "config-based-naming-client-endpoint" task-6] INFO  client.remoting  - EJBCLIENT000017: Received server version 1 and marshalling strategies [river]
2015-08-17 07:51:18,537 598  [main] INFO  client.remoting  - EJBCLIENT000013: Successful version handshake completed for receiver context EJBReceiverContext{clientContext=org.jboss.ejb.client.EJBClientContext@20346642, receiver=Remoting connection EJB receiver [connection=Remoting connection <51a212ed>,channel=jboss.ejb,nodename=systech-inspiron-5521]} on channel Channel ID a8d7f87f (outbound) of Remoting connection 6ab30eb5 to localhost/127.0.0.1:4447
2015-08-17 07:51:18,538 599  [Remoting "config-based-naming-client-endpoint" task-7] DEBUG remoting.RemotingConnectionEJBReceiver  - Received module availability report for 2 modules
2015-08-17 07:51:18,539 600  [Remoting "config-based-naming-client-endpoint" task-7] DEBUG remoting.RemotingConnectionEJBReceiver  - Registering module EJBModuleIdentifier{appName='', moduleName='cmp', distinctName=''} availability for receiver context EJBReceiverContext{clientContext=org.jboss.ejb.client.EJBClientContext@20346642, receiver=Remoting connection EJB receiver [connection=Remoting connection <51a212ed>,channel=jboss.ejb,nodename=systech-inspiron-5521]}
2015-08-17 07:51:18,539 600  [Remoting "config-based-naming-client-endpoint" task-7] DEBUG remoting.RemotingConnectionEJBReceiver  - Registering module EJBModuleIdentifier{appName='', moduleName='Xi', distinctName=''} availability for receiver context EJBReceiverContext{clientContext=org.jboss.ejb.client.EJBClientContext@20346642, receiver=Remoting connection EJB receiver [connection=Remoting connection <51a212ed>,channel=jboss.ejb,nodename=systech-inspiron-5521]}
2015-08-17 07:51:18,540 601  [Remoting "config-based-naming-client-endpoint" task-8] DEBUG remoting.ChannelAssociation  - Unsupported message received with header 0xffffffff
2015-08-17 07:51:18,546 607  [main] DEBUG client.EJBClientContext  - Skipping registration of receiver Remoting connection EJB receiver [connection=Remoting connection <51a212ed>,channel=jboss.ejb,nodename=systech-inspiron-5521] since an EJB receiver already exists for node name systech-inspiron-5521 in client context org.jboss.ejb.client.EJBClientContext@20346642
2015-08-17 07:51:18,693 754  [main] INFO  ejb.client  - JBoss EJB Client version 2.0.0.Final
2015-08-17 07:51:18,759 820  [main] DEBUG client.EJBClientContext  - org.jboss.ejb.client.RandomDeploymentNodeSelector@1381af25 deployment node selector selected systech-inspiron-5521 node for appname=,modulename=cmp,distinctname=
2015-08-17 07:51:18,868 929  [Remoting "config-based-naming-client-endpoint" task-16] INFO  client.remoting  - EJBCLIENT000016: Channel Channel ID a8d7f87f (outbound) of Remoting connection 6ab30eb5 to localhost/127.0.0.1:4447 can no longer process messages
2015-08-17 07:51:18,871 932  [Thread-1] DEBUG remoting.ChannelAssociation  - Closing channel Channel ID a8d7f87f (outbound) of Remoting connection 6ab30eb5 to localhost/127.0.0.1:4447
2015-08-17 07:51:18,884 945  [Thread-1] DEBUG remoting.RemotingConnectionEJBReceiver  - Closing channelChannel ID a8d7f87f (outbound) of Remoting connection 6ab30eb5 to localhost/127.0.0.1:4447
2015-08-17 07:51:18,885 946  [Remoting "config-based-naming-client-endpoint" task-1] DEBUG v1.RemoteNamingStoreV1  - Channel end notification received, closing channel Channel ID 853b00e9 (outbound) of Remoting connection 6ab30eb5 to localhost/127.0.0.1:4447
2015-08-17 07:54:26,656 0    [main] DEBUG jboss.logging  - Logging Provider: org.jboss.logging.Log4jLoggerProvider
2015-08-17 07:54:26,698 42   [main] DEBUG client.EJBClientPropertiesLoader  - Looking for jboss-ejb-client.properties using classloader sun.misc.Launcher$AppClassLoader@1c8825a5
2015-08-17 07:54:26,717 61   [main] DEBUG client.InitialContextFactory  - Looking for jboss-naming-client.properties using classloader sun.misc.Launcher$AppClassLoader@1c8825a5
2015-08-17 07:54:26,718 62   [main] DEBUG client.InitialContextFactory  - jboss.naming.client.endpoint.create.options. has the following options {}
2015-08-17 07:54:26,719 63   [main] DEBUG client.InitialContextFactory  - jboss.naming.client.remote.connectionprovider.create.options. has the following options {}
2015-08-17 07:54:26,734 78   [main] INFO  org.xnio  - XNIO version 3.2.0.Final
2015-08-17 07:54:26,800 144  [main] INFO  xnio.nio  - XNIO NIO Implementation Version 3.3.0.Final
2015-08-17 07:54:26,851 195  [Remoting "config-based-naming-client-endpoint" I/O-1] DEBUG xnio.nio  - Started channel thread 'Remoting "config-based-naming-client-endpoint" I/O-1', selector sun.nio.ch.EPollSelectorImpl@687090a8
2015-08-17 07:54:27,139 483  [main] INFO  jboss.remoting  - JBoss Remoting version 4.0.0.Final
2015-08-17 07:54:27,161 505  [main] DEBUG client.InitialContextFactory  - jboss.naming.client.connect.options. has the following options {}
2015-08-17 07:54:27,311 655  [Remoting "config-based-naming-client-endpoint" task-5] DEBUG remoting.RemotingConnectionEJBReceiver  - Channel Channel ID ad950679 (outbound) of Remoting connection 2d3cd0ba to localhost/127.0.0.1:4447 opened for context EJBReceiverContext{clientContext=org.jboss.ejb.client.EJBClientContext@4fe7ab59, receiver=Remoting connection EJB receiver [connection=Remoting connection <3eb86609>,channel=jboss.ejb,nodename=systech-inspiron-5521]} Waiting for version handshake message from server
2015-08-17 07:54:27,325 669  [Remoting "config-based-naming-client-endpoint" task-6] INFO  client.remoting  - EJBCLIENT000017: Received server version 1 and marshalling strategies [river]
2015-08-17 07:54:27,338 682  [main] INFO  client.remoting  - EJBCLIENT000013: Successful version handshake completed for receiver context EJBReceiverContext{clientContext=org.jboss.ejb.client.EJBClientContext@4fe7ab59, receiver=Remoting connection EJB receiver [connection=Remoting connection <3eb86609>,channel=jboss.ejb,nodename=systech-inspiron-5521]} on channel Channel ID ad950679 (outbound) of Remoting connection 2d3cd0ba to localhost/127.0.0.1:4447
2015-08-17 07:54:27,339 683  [Remoting "config-based-naming-client-endpoint" task-7] DEBUG remoting.RemotingConnectionEJBReceiver  - Received module availability report for 2 modules
2015-08-17 07:54:27,339 683  [Remoting "config-based-naming-client-endpoint" task-7] DEBUG remoting.RemotingConnectionEJBReceiver  - Registering module EJBModuleIdentifier{appName='', moduleName='cmp', distinctName=''} availability for receiver context EJBReceiverContext{clientContext=org.jboss.ejb.client.EJBClientContext@4fe7ab59, receiver=Remoting connection EJB receiver [connection=Remoting connection <3eb86609>,channel=jboss.ejb,nodename=systech-inspiron-5521]}
2015-08-17 07:54:27,340 684  [Remoting "config-based-naming-client-endpoint" task-7] DEBUG remoting.RemotingConnectionEJBReceiver  - Registering module EJBModuleIdentifier{appName='', moduleName='Xi', distinctName=''} availability for receiver context EJBReceiverContext{clientContext=org.jboss.ejb.client.EJBClientContext@4fe7ab59, receiver=Remoting connection EJB receiver [connection=Remoting connection <3eb86609>,channel=jboss.ejb,nodename=systech-inspiron-5521]}
2015-08-17 07:54:27,340 684  [Remoting "config-based-naming-client-endpoint" task-8] DEBUG remoting.ChannelAssociation  - Unsupported message received with header 0xffffffff
2015-08-17 07:54:27,347 691  [main] DEBUG client.EJBClientContext  - Skipping registration of receiver Remoting connection EJB receiver [connection=Remoting connection <3eb86609>,channel=jboss.ejb,nodename=systech-inspiron-5521] since an EJB receiver already exists for node name systech-inspiron-5521 in client context org.jboss.ejb.client.EJBClientContext@4fe7ab59
2015-08-17 07:54:27,475 819  [main] INFO  ejb.client  - JBoss EJB Client version 2.0.0.Final
2015-08-17 07:54:27,540 884  [main] DEBUG client.EJBClientContext  - org.jboss.ejb.client.RandomDeploymentNodeSelector@2711b024 deployment node selector selected systech-inspiron-5521 node for appname=,modulename=cmp,distinctname=
2015-08-17 07:54:27,695 1039 [Remoting "config-based-naming-client-endpoint" task-16] INFO  client.remoting  - EJBCLIENT000016: Channel Channel ID ad950679 (outbound) of Remoting connection 2d3cd0ba to localhost/127.0.0.1:4447 can no longer process messages
2015-08-17 07:54:27,698 1042 [Thread-1] DEBUG remoting.RemotingConnectionEJBReceiver  - Closing channelChannel ID ad950679 (outbound) of Remoting connection 2d3cd0ba to localhost/127.0.0.1:4447
2015-08-17 07:54:27,699 1043 [Thread-1] DEBUG remoting.ChannelAssociation  - Closing channel Channel ID ad950679 (outbound) of Remoting connection 2d3cd0ba to localhost/127.0.0.1:4447
2015-08-17 07:54:27,700 1044 [Remoting "config-based-naming-client-endpoint" task-1] DEBUG v1.RemoteNamingStoreV1  - Channel end notification received, closing channel Channel ID cc73d29b (outbound) of Remoting connection 2d3cd0ba to localhost/127.0.0.1:4447
2015-08-17 07:59:47,614 0    [main] DEBUG jboss.logging  - Logging Provider: org.jboss.logging.Log4jLoggerProvider
2015-08-17 07:59:47,665 51   [main] DEBUG client.EJBClientPropertiesLoader  - Looking for jboss-ejb-client.properties using classloader sun.misc.Launcher$AppClassLoader@1c8825a5
2015-08-17 07:59:47,687 73   [main] DEBUG client.InitialContextFactory  - Looking for jboss-naming-client.properties using classloader sun.misc.Launcher$AppClassLoader@1c8825a5
2015-08-17 07:59:47,688 74   [main] DEBUG client.InitialContextFactory  - jboss.naming.client.endpoint.create.options. has the following options {}
2015-08-17 07:59:47,689 75   [main] DEBUG client.InitialContextFactory  - jboss.naming.client.remote.connectionprovider.create.options. has the following options {}
2015-08-17 07:59:47,707 93   [main] INFO  org.xnio  - XNIO version 3.2.0.Final
2015-08-17 07:59:47,767 153  [main] INFO  xnio.nio  - XNIO NIO Implementation Version 3.3.0.Final
2015-08-17 07:59:47,812 198  [Remoting "config-based-naming-client-endpoint" I/O-1] DEBUG xnio.nio  - Started channel thread 'Remoting "config-based-naming-client-endpoint" I/O-1', selector sun.nio.ch.EPollSelectorImpl@36293b29
2015-08-17 07:59:48,068 454  [main] INFO  jboss.remoting  - JBoss Remoting version 4.0.0.Final
2015-08-17 07:59:48,097 483  [main] DEBUG client.InitialContextFactory  - jboss.naming.client.connect.options. has the following options {}
2015-08-17 07:59:48,234 620  [Remoting "config-based-naming-client-endpoint" task-5] DEBUG remoting.RemotingConnectionEJBReceiver  - Channel Channel ID a730fb9a (outbound) of Remoting connection 1d61b2f8 to localhost/127.0.0.1:4447 opened for context EJBReceiverContext{clientContext=org.jboss.ejb.client.EJBClientContext@442df408, receiver=Remoting connection EJB receiver [connection=Remoting connection <574ff50a>,channel=jboss.ejb,nodename=systech-inspiron-5521]} Waiting for version handshake message from server
2015-08-17 07:59:48,245 631  [Remoting "config-based-naming-client-endpoint" task-6] INFO  client.remoting  - EJBCLIENT000017: Received server version 1 and marshalling strategies [river]
2015-08-17 07:59:48,260 646  [main] INFO  client.remoting  - EJBCLIENT000013: Successful version handshake completed for receiver context EJBReceiverContext{clientContext=org.jboss.ejb.client.EJBClientContext@442df408, receiver=Remoting connection EJB receiver [connection=Remoting connection <574ff50a>,channel=jboss.ejb,nodename=systech-inspiron-5521]} on channel Channel ID a730fb9a (outbound) of Remoting connection 1d61b2f8 to localhost/127.0.0.1:4447
2015-08-17 07:59:48,262 648  [Remoting "config-based-naming-client-endpoint" task-7] DEBUG remoting.RemotingConnectionEJBReceiver  - Received module availability report for 2 modules
2015-08-17 07:59:48,262 648  [Remoting "config-based-naming-client-endpoint" task-7] DEBUG remoting.RemotingConnectionEJBReceiver  - Registering module EJBModuleIdentifier{appName='', moduleName='cmp', distinctName=''} availability for receiver context EJBReceiverContext{clientContext=org.jboss.ejb.client.EJBClientContext@442df408, receiver=Remoting connection EJB receiver [connection=Remoting connection <574ff50a>,channel=jboss.ejb,nodename=systech-inspiron-5521]}
2015-08-17 07:59:48,263 649  [Remoting "config-based-naming-client-endpoint" task-7] DEBUG remoting.RemotingConnectionEJBReceiver  - Registering module EJBModuleIdentifier{appName='', moduleName='Xi', distinctName=''} availability for receiver context EJBReceiverContext{clientContext=org.jboss.ejb.client.EJBClientContext@442df408, receiver=Remoting connection EJB receiver [connection=Remoting connection <574ff50a>,channel=jboss.ejb,nodename=systech-inspiron-5521]}
2015-08-17 07:59:48,264 650  [Remoting "config-based-naming-client-endpoint" task-8] DEBUG remoting.ChannelAssociation  - Unsupported message received with header 0xffffffff
2015-08-17 07:59:48,269 655  [main] DEBUG client.EJBClientContext  - Skipping registration of receiver Remoting connection EJB receiver [connection=Remoting connection <574ff50a>,channel=jboss.ejb,nodename=systech-inspiron-5521] since an EJB receiver already exists for node name systech-inspiron-5521 in client context org.jboss.ejb.client.EJBClientContext@442df408
2015-08-17 07:59:48,413 799  [main] INFO  ejb.client  - JBoss EJB Client version 2.0.0.Final
2015-08-17 07:59:48,486 872  [main] DEBUG client.EJBClientContext  - org.jboss.ejb.client.RandomDeploymentNodeSelector@53d67244 deployment node selector selected systech-inspiron-5521 node for appname=,modulename=cmp,distinctname=
2015-08-17 07:59:48,984 1370 [Remoting "config-based-naming-client-endpoint" task-16] DEBUG v1.RemoteNamingStoreV1  - Channel end notification received, closing channel Channel ID f09b4a69 (outbound) of Remoting connection 1d61b2f8 to localhost/127.0.0.1:4447
2015-08-17 07:59:48,986 1372 [Remoting "config-based-naming-client-endpoint" task-1] INFO  client.remoting  - EJBCLIENT000016: Channel Channel ID a730fb9a (outbound) of Remoting connection 1d61b2f8 to localhost/127.0.0.1:4447 can no longer process messages
2015-08-17 07:59:48,989 1375 [Thread-1] DEBUG remoting.ChannelAssociation  - Closing channel Channel ID a730fb9a (outbound) of Remoting connection 1d61b2f8 to localhost/127.0.0.1:4447
2015-08-17 07:59:48,990 1376 [Thread-1] DEBUG remoting.RemotingConnectionEJBReceiver  - Closing channelChannel ID a730fb9a (outbound) of Remoting connection 1d61b2f8 to localhost/127.0.0.1:4447
2015-08-17 08:04:44,283 0    [main] DEBUG jboss.logging  - Logging Provider: org.jboss.logging.Log4jLoggerProvider
2015-08-17 08:04:44,328 45   [main] DEBUG client.EJBClientPropertiesLoader  - Looking for jboss-ejb-client.properties using classloader sun.misc.Launcher$AppClassLoader@30a4effe
2015-08-17 08:04:44,358 75   [main] DEBUG client.InitialContextFactory  - Looking for jboss-naming-client.properties using classloader sun.misc.Launcher$AppClassLoader@30a4effe
2015-08-17 08:04:44,360 77   [main] DEBUG client.InitialContextFactory  - jboss.naming.client.endpoint.create.options. has the following options {}
2015-08-17 08:04:44,361 78   [main] DEBUG client.InitialContextFactory  - jboss.naming.client.remote.connectionprovider.create.options. has the following options {}
2015-08-17 08:04:44,383 100  [main] INFO  org.xnio  - XNIO version 3.2.0.Final
2015-08-17 08:04:44,476 193  [main] INFO  xnio.nio  - XNIO NIO Implementation Version 3.3.0.Final
2015-08-17 08:04:44,542 259  [Remoting "config-based-naming-client-endpoint" I/O-1] DEBUG xnio.nio  - Started channel thread 'Remoting "config-based-naming-client-endpoint" I/O-1', selector sun.nio.ch.EPollSelectorImpl@2e78d8ac
2015-08-17 08:04:44,914 631  [main] INFO  jboss.remoting  - JBoss Remoting version 4.0.0.Final
2015-08-17 08:04:44,946 663  [main] DEBUG client.InitialContextFactory  - jboss.naming.client.connect.options. has the following options {}
2015-08-17 08:04:45,088 805  [Remoting "config-based-naming-client-endpoint" task-5] DEBUG remoting.RemotingConnectionEJBReceiver  - Channel Channel ID c80c61e9 (outbound) of Remoting connection 3e374059 to localhost/127.0.0.1:4447 opened for context EJBReceiverContext{clientContext=org.jboss.ejb.client.EJBClientContext@1b81464b, receiver=Remoting connection EJB receiver [connection=Remoting connection <3cdd17f5>,channel=jboss.ejb,nodename=systech-inspiron-5521]} Waiting for version handshake message from server
2015-08-17 08:04:45,096 813  [Remoting "config-based-naming-client-endpoint" task-6] INFO  client.remoting  - EJBCLIENT000017: Received server version 1 and marshalling strategies [river]
2015-08-17 08:04:45,107 824  [main] INFO  client.remoting  - EJBCLIENT000013: Successful version handshake completed for receiver context EJBReceiverContext{clientContext=org.jboss.ejb.client.EJBClientContext@1b81464b, receiver=Remoting connection EJB receiver [connection=Remoting connection <3cdd17f5>,channel=jboss.ejb,nodename=systech-inspiron-5521]} on channel Channel ID c80c61e9 (outbound) of Remoting connection 3e374059 to localhost/127.0.0.1:4447
2015-08-17 08:04:45,108 825  [Remoting "config-based-naming-client-endpoint" task-7] DEBUG remoting.RemotingConnectionEJBReceiver  - Received module availability report for 2 modules
2015-08-17 08:04:45,108 825  [Remoting "config-based-naming-client-endpoint" task-7] DEBUG remoting.RemotingConnectionEJBReceiver  - Registering module EJBModuleIdentifier{appName='', moduleName='cmp', distinctName=''} availability for receiver context EJBReceiverContext{clientContext=org.jboss.ejb.client.EJBClientContext@1b81464b, receiver=Remoting connection EJB receiver [connection=Remoting connection <3cdd17f5>,channel=jboss.ejb,nodename=systech-inspiron-5521]}
2015-08-17 08:04:45,108 825  [Remoting "config-based-naming-client-endpoint" task-7] DEBUG remoting.RemotingConnectionEJBReceiver  - Registering module EJBModuleIdentifier{appName='', moduleName='Xi', distinctName=''} availability for receiver context EJBReceiverContext{clientContext=org.jboss.ejb.client.EJBClientContext@1b81464b, receiver=Remoting connection EJB receiver [connection=Remoting connection <3cdd17f5>,channel=jboss.ejb,nodename=systech-inspiron-5521]}
2015-08-17 08:04:45,109 826  [Remoting "config-based-naming-client-endpoint" task-8] DEBUG remoting.ChannelAssociation  - Unsupported message received with header 0xffffffff
2015-08-17 08:04:45,114 831  [main] DEBUG client.EJBClientContext  - Skipping registration of receiver Remoting connection EJB receiver [connection=Remoting connection <3cdd17f5>,channel=jboss.ejb,nodename=systech-inspiron-5521] since an EJB receiver already exists for node name systech-inspiron-5521 in client context org.jboss.ejb.client.EJBClientContext@1b81464b
2015-08-17 08:04:45,249 966  [main] INFO  ejb.client  - JBoss EJB Client version 2.0.0.Final
2015-08-17 08:04:45,324 1041 [main] DEBUG client.EJBClientContext  - org.jboss.ejb.client.RandomDeploymentNodeSelector@53d67244 deployment node selector selected systech-inspiron-5521 node for appname=,modulename=cmp,distinctname=
2015-08-17 08:04:45,882 1599 [Remoting "config-based-naming-client-endpoint" task-16] DEBUG v1.RemoteNamingStoreV1  - Channel end notification received, closing channel Channel ID 9be81818 (outbound) of Remoting connection 3e374059 to localhost/127.0.0.1:4447
2015-08-17 08:04:45,884 1601 [Remoting "config-based-naming-client-endpoint" task-1] INFO  client.remoting  - EJBCLIENT000016: Channel Channel ID c80c61e9 (outbound) of Remoting connection 3e374059 to localhost/127.0.0.1:4447 can no longer process messages
2015-08-17 08:04:45,885 1602 [Thread-1] DEBUG remoting.RemotingConnectionEJBReceiver  - Closing channelChannel ID c80c61e9 (outbound) of Remoting connection 3e374059 to localhost/127.0.0.1:4447
2015-08-17 08:04:45,886 1603 [Thread-1] DEBUG remoting.ChannelAssociation  - Closing channel Channel ID c80c61e9 (outbound) of Remoting connection 3e374059 to localhost/127.0.0.1:4447
2015-08-17 08:05:20,554 0    [main] DEBUG jboss.logging  - Logging Provider: org.jboss.logging.Log4jLoggerProvider
2015-08-17 08:05:20,585 31   [main] DEBUG client.EJBClientPropertiesLoader  - Looking for jboss-ejb-client.properties using classloader sun.misc.Launcher$AppClassLoader@30a4effe
2015-08-17 08:05:20,606 52   [main] DEBUG client.InitialContextFactory  - Looking for jboss-naming-client.properties using classloader sun.misc.Launcher$AppClassLoader@30a4effe
2015-08-17 08:05:20,608 54   [main] DEBUG client.InitialContextFactory  - jboss.naming.client.endpoint.create.options. has the following options {}
2015-08-17 08:05:20,609 55   [main] DEBUG client.InitialContextFactory  - jboss.naming.client.remote.connectionprovider.create.options. has the following options {}
2015-08-17 08:05:20,625 71   [main] INFO  org.xnio  - XNIO version 3.2.0.Final
2015-08-17 08:05:20,681 127  [main] INFO  xnio.nio  - XNIO NIO Implementation Version 3.3.0.Final
2015-08-17 08:05:20,718 164  [Remoting "config-based-naming-client-endpoint" I/O-1] DEBUG xnio.nio  - Started channel thread 'Remoting "config-based-naming-client-endpoint" I/O-1', selector sun.nio.ch.EPollSelectorImpl@687090a8
2015-08-17 08:05:20,965 411  [main] INFO  jboss.remoting  - JBoss Remoting version 4.0.0.Final
2015-08-17 08:05:20,986 432  [main] DEBUG client.InitialContextFactory  - jboss.naming.client.connect.options. has the following options {}
2015-08-17 08:05:21,139 585  [Remoting "config-based-naming-client-endpoint" task-5] DEBUG remoting.RemotingConnectionEJBReceiver  - Channel Channel ID b6569caa (outbound) of Remoting connection 792cc6d9 to localhost/127.0.0.1:4447 opened for context EJBReceiverContext{clientContext=org.jboss.ejb.client.EJBClientContext@24f05c30, receiver=Remoting connection EJB receiver [connection=Remoting connection <51a212ed>,channel=jboss.ejb,nodename=systech-inspiron-5521]} Waiting for version handshake message from server
2015-08-17 08:05:21,149 595  [Remoting "config-based-naming-client-endpoint" task-6] INFO  client.remoting  - EJBCLIENT000017: Received server version 1 and marshalling strategies [river]
2015-08-17 08:05:21,163 609  [main] INFO  client.remoting  - EJBCLIENT000013: Successful version handshake completed for receiver context EJBReceiverContext{clientContext=org.jboss.ejb.client.EJBClientContext@24f05c30, receiver=Remoting connection EJB receiver [connection=Remoting connection <51a212ed>,channel=jboss.ejb,nodename=systech-inspiron-5521]} on channel Channel ID b6569caa (outbound) of Remoting connection 792cc6d9 to localhost/127.0.0.1:4447
2015-08-17 08:05:21,164 610  [Remoting "config-based-naming-client-endpoint" task-7] DEBUG remoting.RemotingConnectionEJBReceiver  - Received module availability report for 2 modules
2015-08-17 08:05:21,164 610  [Remoting "config-based-naming-client-endpoint" task-7] DEBUG remoting.RemotingConnectionEJBReceiver  - Registering module EJBModuleIdentifier{appName='', moduleName='cmp', distinctName=''} availability for receiver context EJBReceiverContext{clientContext=org.jboss.ejb.client.EJBClientContext@24f05c30, receiver=Remoting connection EJB receiver [connection=Remoting connection <51a212ed>,channel=jboss.ejb,nodename=systech-inspiron-5521]}
2015-08-17 08:05:21,165 611  [Remoting "config-based-naming-client-endpoint" task-7] DEBUG remoting.RemotingConnectionEJBReceiver  - Registering module EJBModuleIdentifier{appName='', moduleName='Xi', distinctName=''} availability for receiver context EJBReceiverContext{clientContext=org.jboss.ejb.client.EJBClientContext@24f05c30, receiver=Remoting connection EJB receiver [connection=Remoting connection <51a212ed>,channel=jboss.ejb,nodename=systech-inspiron-5521]}
2015-08-17 08:05:21,166 612  [Remoting "config-based-naming-client-endpoint" task-8] DEBUG remoting.ChannelAssociation  - Unsupported message received with header 0xffffffff
2015-08-17 08:05:21,171 617  [main] DEBUG client.EJBClientContext  - Skipping registration of receiver Remoting connection EJB receiver [connection=Remoting connection <51a212ed>,channel=jboss.ejb,nodename=systech-inspiron-5521] since an EJB receiver already exists for node name systech-inspiron-5521 in client context org.jboss.ejb.client.EJBClientContext@24f05c30
2015-08-17 08:05:21,301 747  [main] INFO  ejb.client  - JBoss EJB Client version 2.0.0.Final
2015-08-17 08:05:21,370 816  [main] DEBUG client.EJBClientContext  - org.jboss.ejb.client.RandomDeploymentNodeSelector@52a4196e deployment node selector selected systech-inspiron-5521 node for appname=,modulename=cmp,distinctname=
2015-08-17 08:05:21,802 1248 [Remoting "config-based-naming-client-endpoint" task-16] INFO  client.remoting  - EJBCLIENT000016: Channel Channel ID b6569caa (outbound) of Remoting connection 792cc6d9 to localhost/127.0.0.1:4447 can no longer process messages
2015-08-17 08:05:21,804 1250 [Thread-1] DEBUG remoting.ChannelAssociation  - Closing channel Channel ID b6569caa (outbound) of Remoting connection 792cc6d9 to localhost/127.0.0.1:4447
2015-08-17 08:05:21,806 1252 [Thread-1] DEBUG remoting.RemotingConnectionEJBReceiver  - Closing channelChannel ID b6569caa (outbound) of Remoting connection 792cc6d9 to localhost/127.0.0.1:4447
2015-08-17 08:05:21,807 1253 [Remoting "config-based-naming-client-endpoint" task-1] DEBUG v1.RemoteNamingStoreV1  - Channel end notification received, closing channel Channel ID d398993d (outbound) of Remoting connection 792cc6d9 to localhost/127.0.0.1:4447
2015-08-17 08:13:40,451 0    [main] DEBUG jboss.logging  - Logging Provider: org.jboss.logging.Log4jLoggerProvider
2015-08-17 08:13:40,490 39   [main] DEBUG client.EJBClientPropertiesLoader  - Looking for jboss-ejb-client.properties using classloader sun.misc.Launcher$AppClassLoader@1c8825a5
2015-08-17 08:13:40,510 59   [main] DEBUG client.InitialContextFactory  - Looking for jboss-naming-client.properties using classloader sun.misc.Launcher$AppClassLoader@1c8825a5
2015-08-17 08:13:40,511 60   [main] DEBUG client.InitialContextFactory  - jboss.naming.client.endpoint.create.options. has the following options {}
2015-08-17 08:13:40,512 61   [main] DEBUG client.InitialContextFactory  - jboss.naming.client.remote.connectionprovider.create.options. has the following options {}
2015-08-17 08:13:40,528 77   [main] INFO  org.xnio  - XNIO version 3.2.0.Final
2015-08-17 08:13:40,588 137  [main] INFO  xnio.nio  - XNIO NIO Implementation Version 3.3.0.Final
2015-08-17 08:13:40,634 183  [Remoting "config-based-naming-client-endpoint" I/O-1] DEBUG xnio.nio  - Started channel thread 'Remoting "config-based-naming-client-endpoint" I/O-1', selector sun.nio.ch.EPollSelectorImpl@6bfd472
2015-08-17 08:13:40,872 421  [main] INFO  jboss.remoting  - JBoss Remoting version 4.0.0.Final
2015-08-17 08:13:40,901 450  [main] DEBUG client.InitialContextFactory  - jboss.naming.client.connect.options. has the following options {}
2015-08-17 08:13:41,035 584  [Remoting "config-based-naming-client-endpoint" task-5] DEBUG remoting.RemotingConnectionEJBReceiver  - Channel Channel ID d4ee7c1b (outbound) of Remoting connection 2e490e04 to localhost/127.0.0.1:4447 opened for context EJBReceiverContext{clientContext=org.jboss.ejb.client.EJBClientContext@1e5dba88, receiver=Remoting connection EJB receiver [connection=Remoting connection <47d241c9>,channel=jboss.ejb,nodename=systech-inspiron-5521]} Waiting for version handshake message from server
2015-08-17 08:13:41,044 593  [Remoting "config-based-naming-client-endpoint" task-6] INFO  client.remoting  - EJBCLIENT000017: Received server version 1 and marshalling strategies [river]
2015-08-17 08:13:41,055 604  [main] INFO  client.remoting  - EJBCLIENT000013: Successful version handshake completed for receiver context EJBReceiverContext{clientContext=org.jboss.ejb.client.EJBClientContext@1e5dba88, receiver=Remoting connection EJB receiver [connection=Remoting connection <47d241c9>,channel=jboss.ejb,nodename=systech-inspiron-5521]} on channel Channel ID d4ee7c1b (outbound) of Remoting connection 2e490e04 to localhost/127.0.0.1:4447
2015-08-17 08:13:41,056 605  [Remoting "config-based-naming-client-endpoint" task-7] DEBUG remoting.RemotingConnectionEJBReceiver  - Received module availability report for 2 modules
2015-08-17 08:13:41,056 605  [Remoting "config-based-naming-client-endpoint" task-7] DEBUG remoting.RemotingConnectionEJBReceiver  - Registering module EJBModuleIdentifier{appName='', moduleName='cmp', distinctName=''} availability for receiver context EJBReceiverContext{clientContext=org.jboss.ejb.client.EJBClientContext@1e5dba88, receiver=Remoting connection EJB receiver [connection=Remoting connection <47d241c9>,channel=jboss.ejb,nodename=systech-inspiron-5521]}
2015-08-17 08:13:41,056 605  [Remoting "config-based-naming-client-endpoint" task-7] DEBUG remoting.RemotingConnectionEJBReceiver  - Registering module EJBModuleIdentifier{appName='', moduleName='Xi', distinctName=''} availability for receiver context EJBReceiverContext{clientContext=org.jboss.ejb.client.EJBClientContext@1e5dba88, receiver=Remoting connection EJB receiver [connection=Remoting connection <47d241c9>,channel=jboss.ejb,nodename=systech-inspiron-5521]}
2015-08-17 08:13:41,057 606  [Remoting "config-based-naming-client-endpoint" task-8] DEBUG remoting.ChannelAssociation  - Unsupported message received with header 0xffffffff
2015-08-17 08:13:41,061 610  [main] DEBUG client.EJBClientContext  - Skipping registration of receiver Remoting connection EJB receiver [connection=Remoting connection <47d241c9>,channel=jboss.ejb,nodename=systech-inspiron-5521] since an EJB receiver already exists for node name systech-inspiron-5521 in client context org.jboss.ejb.client.EJBClientContext@1e5dba88
2015-08-17 08:13:41,192 741  [main] INFO  ejb.client  - JBoss EJB Client version 2.0.0.Final
2015-08-17 08:13:41,259 808  [main] DEBUG client.EJBClientContext  - org.jboss.ejb.client.RandomDeploymentNodeSelector@79ebf294 deployment node selector selected systech-inspiron-5521 node for appname=,modulename=cmp,distinctname=
2015-08-17 08:13:41,826 1375 [Remoting "config-based-naming-client-endpoint" task-16] DEBUG v1.RemoteNamingStoreV1  - Channel end notification received, closing channel Channel ID ccc46401 (outbound) of Remoting connection 2e490e04 to localhost/127.0.0.1:4447
2015-08-17 08:13:41,827 1376 [Remoting "config-based-naming-client-endpoint" task-1] INFO  client.remoting  - EJBCLIENT000016: Channel Channel ID d4ee7c1b (outbound) of Remoting connection 2e490e04 to localhost/127.0.0.1:4447 can no longer process messages
2015-08-17 08:13:41,829 1378 [Thread-1] DEBUG remoting.RemotingConnectionEJBReceiver  - Closing channelChannel ID d4ee7c1b (outbound) of Remoting connection 2e490e04 to localhost/127.0.0.1:4447
2015-08-17 08:13:41,830 1379 [Thread-1] DEBUG remoting.ChannelAssociation  - Closing channel Channel ID d4ee7c1b (outbound) of Remoting connection 2e490e04 to localhost/127.0.0.1:4447
2015-08-17 08:15:51,201 0    [main] DEBUG jboss.logging  - Logging Provider: org.jboss.logging.Log4jLoggerProvider
2015-08-17 08:15:51,233 32   [main] DEBUG client.EJBClientPropertiesLoader  - Looking for jboss-ejb-client.properties using classloader sun.misc.Launcher$AppClassLoader@30a4effe
2015-08-17 08:15:51,260 59   [main] DEBUG client.InitialContextFactory  - Looking for jboss-naming-client.properties using classloader sun.misc.Launcher$AppClassLoader@30a4effe
2015-08-17 08:15:51,262 61   [main] DEBUG client.InitialContextFactory  - jboss.naming.client.endpoint.create.options. has the following options {}
2015-08-17 08:15:51,263 62   [main] DEBUG client.InitialContextFactory  - jboss.naming.client.remote.connectionprovider.create.options. has the following options {}
2015-08-17 08:15:51,280 79   [main] INFO  org.xnio  - XNIO version 3.2.0.Final
2015-08-17 08:15:51,332 131  [main] INFO  xnio.nio  - XNIO NIO Implementation Version 3.3.0.Final
2015-08-17 08:15:51,370 169  [Remoting "config-based-naming-client-endpoint" I/O-1] DEBUG xnio.nio  - Started channel thread 'Remoting "config-based-naming-client-endpoint" I/O-1', selector sun.nio.ch.EPollSelectorImpl@6ec76003
2015-08-17 08:15:51,624 423  [main] INFO  jboss.remoting  - JBoss Remoting version 4.0.0.Final
2015-08-17 08:15:51,645 444  [main] DEBUG client.InitialContextFactory  - jboss.naming.client.connect.options. has the following options {}
2015-08-17 08:15:51,788 587  [Remoting "config-based-naming-client-endpoint" task-5] DEBUG remoting.RemotingConnectionEJBReceiver  - Channel Channel ID a2842140 (outbound) of Remoting connection 63233638 to localhost/127.0.0.1:4447 opened for context EJBReceiverContext{clientContext=org.jboss.ejb.client.EJBClientContext@4c5e50d4, receiver=Remoting connection EJB receiver [connection=Remoting connection <ae136c3>,channel=jboss.ejb,nodename=systech-inspiron-5521]} Waiting for version handshake message from server
2015-08-17 08:15:51,803 602  [Remoting "config-based-naming-client-endpoint" task-6] INFO  client.remoting  - EJBCLIENT000017: Received server version 1 and marshalling strategies [river]
2015-08-17 08:15:51,817 616  [main] INFO  client.remoting  - EJBCLIENT000013: Successful version handshake completed for receiver context EJBReceiverContext{clientContext=org.jboss.ejb.client.EJBClientContext@4c5e50d4, receiver=Remoting connection EJB receiver [connection=Remoting connection <ae136c3>,channel=jboss.ejb,nodename=systech-inspiron-5521]} on channel Channel ID a2842140 (outbound) of Remoting connection 63233638 to localhost/127.0.0.1:4447
2015-08-17 08:15:51,819 618  [Remoting "config-based-naming-client-endpoint" task-7] DEBUG remoting.RemotingConnectionEJBReceiver  - Received module availability report for 2 modules
2015-08-17 08:15:51,819 618  [Remoting "config-based-naming-client-endpoint" task-7] DEBUG remoting.RemotingConnectionEJBReceiver  - Registering module EJBModuleIdentifier{appName='', moduleName='cmp', distinctName=''} availability for receiver context EJBReceiverContext{clientContext=org.jboss.ejb.client.EJBClientContext@4c5e50d4, receiver=Remoting connection EJB receiver [connection=Remoting connection <ae136c3>,channel=jboss.ejb,nodename=systech-inspiron-5521]}
2015-08-17 08:15:51,820 619  [Remoting "config-based-naming-client-endpoint" task-7] DEBUG remoting.RemotingConnectionEJBReceiver  - Registering module EJBModuleIdentifier{appName='', moduleName='Xi', distinctName=''} availability for receiver context EJBReceiverContext{clientContext=org.jboss.ejb.client.EJBClientContext@4c5e50d4, receiver=Remoting connection EJB receiver [connection=Remoting connection <ae136c3>,channel=jboss.ejb,nodename=systech-inspiron-5521]}
2015-08-17 08:15:51,827 626  [main] DEBUG client.EJBClientContext  - Skipping registration of receiver Remoting connection EJB receiver [connection=Remoting connection <ae136c3>,channel=jboss.ejb,nodename=systech-inspiron-5521] since an EJB receiver already exists for node name systech-inspiron-5521 in client context org.jboss.ejb.client.EJBClientContext@4c5e50d4
2015-08-17 08:15:51,828 627  [Remoting "config-based-naming-client-endpoint" task-8] DEBUG remoting.ChannelAssociation  - Unsupported message received with header 0xffffffff
2015-08-17 08:15:51,974 773  [main] INFO  ejb.client  - JBoss EJB Client version 2.0.0.Final
2015-08-17 08:15:52,045 844  [main] DEBUG client.EJBClientContext  - org.jboss.ejb.client.RandomDeploymentNodeSelector@bd99597 deployment node selector selected systech-inspiron-5521 node for appname=,modulename=cmp,distinctname=
2015-08-17 08:15:52,541 1340 [Remoting "config-based-naming-client-endpoint" task-16] INFO  client.remoting  - EJBCLIENT000016: Channel Channel ID a2842140 (outbound) of Remoting connection 63233638 to localhost/127.0.0.1:4447 can no longer process messages
2015-08-17 08:15:52,543 1342 [Thread-1] DEBUG remoting.RemotingConnectionEJBReceiver  - Closing channelChannel ID a2842140 (outbound) of Remoting connection 63233638 to localhost/127.0.0.1:4447
2015-08-17 08:15:52,543 1342 [Thread-1] DEBUG remoting.ChannelAssociation  - Closing channel Channel ID a2842140 (outbound) of Remoting connection 63233638 to localhost/127.0.0.1:4447
2015-08-17 08:15:52,544 1343 [Remoting "config-based-naming-client-endpoint" task-1] DEBUG v1.RemoteNamingStoreV1  - Channel end notification received, closing channel Channel ID bef51944 (outbound) of Remoting connection 63233638 to localhost/127.0.0.1:4447
