2014-12-04 18:20:59,404 0    [main] INFO  application.HTTPMTSenderApp  - ::>>>????::CONFIG::::

mturl: null
mt_username: null
mt_password: null
THROTTLE: 50
WORKER_THREADS: 2
initialDBConnections: 10
maxDBConnections: 12
queueSize: 100
pollWait: 100
urlparams: URLParams [mturl=http://41.223.58.157:56000/Bharti, login=content36, pass=content12, type=text, src=32329]
2014-12-04 18:20:59,835 431  [main] INFO  producerthreads.MTProducer  - jdbc:mysql://localhost/pixeland_content360
2014-12-04 18:20:59,841 437  [main] INFO  producerthreads.MTProducer  - >< . >< . >< . >< . >< . it took 0.011 seconds to create the connection pool
2014-12-04 18:20:59,866 462  [main] INFO  api.CelcomImpl  - ********** db dbName : pixeland_content360
2014-12-04 18:20:59,866 462  [main] INFO  api.CelcomImpl  - ********** db host : db
2014-12-04 18:20:59,866 462  [main] INFO  api.CelcomImpl  - ********** db url : jdbc:mysql://db/pixeland_content360
2014-12-04 18:20:59,866 462  [main] INFO  api.CelcomImpl  - ********** db username : root
2014-12-04 18:20:59,866 462  [main] INFO  api.CelcomImpl  - ********** db password : 
2014-12-04 18:20:59,866 462  [main] INFO  api.CelcomImpl  - Initialized db pool ok! celcom mimpl line 131
2014-12-04 18:20:59,866 462  [main] INFO  workerthreads.MTHttpSender  - Initialized db pool ok!
2014-12-04 18:20:59,866 462  [main] INFO  workerthreads.MTHttpSender  - this.celcomAPI.getFr_tz():::::: -05:00
2014-12-04 18:20:59,866 462  [main] INFO  workerthreads.MTHttpSender  - this.celcomAPI.getTo_tz():::::: +08:00
2014-12-04 18:20:59,867 463  [main] INFO  api.CelcomImpl  - ********** db dbName : pixeland_content360
2014-12-04 18:20:59,867 463  [main] INFO  api.CelcomImpl  - ********** db host : db
2014-12-04 18:20:59,867 463  [main] INFO  api.CelcomImpl  - ********** db url : jdbc:mysql://db/pixeland_content360
2014-12-04 18:20:59,867 463  [main] INFO  api.CelcomImpl  - ********** db username : root
2014-12-04 18:20:59,867 463  [main] INFO  api.CelcomImpl  - ********** db password : 
2014-12-04 18:20:59,867 463  [main] INFO  api.CelcomImpl  - Initialized db pool ok! celcom mimpl line 131
2014-12-04 18:20:59,867 463  [main] INFO  workerthreads.MTHttpSender  - Initialized db pool ok!
2014-12-04 18:20:59,867 463  [main] INFO  workerthreads.MTHttpSender  - this.celcomAPI.getFr_tz():::::: -05:00
2014-12-04 18:20:59,867 463  [main] INFO  workerthreads.MTHttpSender  - this.celcomAPI.getTo_tz():::::: +08:00
2014-12-04 18:20:59,868 464  [main] DEBUG db.DBPoolDataSource  - ClassLoader is of type: sun.misc.Launcher$AppClassLoader
2014-12-04 18:21:00,124 720  [main] INFO  sms.Content360UnknownKeyword  - >>>>>>>>>>>>> Content360UnknownKeyword keyowrd processor initialized and dbpoolds initialized!
2014-12-04 18:21:00,125 721  [main] INFO  sms.Content360UnknownKeyword  - >>>>>>>>>>>>> Content360UnknownKeyword keyowrd processor initialized and dbpoolds initialized!
2014-12-04 18:21:00,126 722  [main] DEBUG db.DBPoolDataSource  - ClassLoader is of type: sun.misc.Launcher$AppClassLoader
2014-12-04 18:21:00,127 723  [main] INFO  ConnectionPool.DBPoolDataSource-mo-processor-pool  - DBPoolDataSource-mo-processor-pool: Getting connection (user/password): jdbc:mysql://localhost/pixeland_content360
2014-12-04 18:21:00,136 732  [main] INFO  ConnectionPool.DBPoolDataSource-mo-processor-pool  - DBPoolDataSource-mo-processor-pool: Created a new connection
2014-12-04 18:21:00,139 735  [Thread-4] INFO  workerthreads.MTHttpSender  - THREAD_WORKER_#_1 STARTED AFTER :::::RELEASED_BY_PRODUCER after 272.0 mili-seconds
2014-12-04 18:21:00,139 735  [Thread-3] INFO  workerthreads.MTHttpSender  - THREAD_WORKER_#_0 STARTED AFTER :::::RELEASED_BY_PRODUCER after 273.0 mili-seconds
2014-12-04 18:21:00,139 735  [Thread-4] DEBUG producerthreads.MTProducer  - >>Threads waiting to retrieve message before : 0
2014-12-04 18:21:00,139 735  [Thread-3] DEBUG producerthreads.MTProducer  - >>Threads waiting to retrieve message before : 0
2014-12-04 18:21:00,139 735  [Thread-4] DEBUG producerthreads.MTProducer  - >>Threads waiting to retrieve message after: 0
2014-12-04 18:21:00,139 735  [Thread-2] WARN  producerthreads.MTProducer  - we'll create a new connection!
2014-12-04 18:21:00,140 736  [Thread-2] DEBUG producerthreads.MTProducer  - >>>> created connection! 
2014-12-04 18:21:39,763 40359 [Thread-13] DEBUG mo.MOProcessor  - >>>>>>>>>>> moSms.getProcessor_id() : 11
2014-12-04 18:21:39,764 40360 [Thread-13] INFO  producerthreads.MTProducer  - gugamuga_processor_pool: : {11=[com.pixelandtag.serviceprocessors.sms.Content360UnknownKeyword@745bbff2, com.pixelandtag.serviceprocessors.sms.Content360UnknownKeyword@3396e48c]}
2014-12-04 18:21:39,764 40360 [Thread-13] INFO  sms.Content360UnknownKeyword  - max_queue_size:: 5
2014-12-04 18:21:39,764 40360 [Thread-13] DEBUG mo.MOProcessor  - {11=[com.pixelandtag.serviceprocessors.sms.Content360UnknownKeyword@745bbff2, com.pixelandtag.serviceprocessors.sms.Content360UnknownKeyword@3396e48c]} gugamuga_processor : 

com.pixelandtag.serviceprocessors.sms.Content360UnknownKeyword@745bbff2
2014-12-04 18:21:39,813 40409 [Thread-13] DEBUG jboss.logging  - Logging Provider: org.jboss.logging.Log4jLoggerProvider
2014-12-04 18:21:39,829 40425 [Thread-13] DEBUG type.BasicTypeRegistry  - Adding type registration boolean -> org.hibernate.type.BooleanType@2a3d4350
2014-12-04 18:21:39,829 40425 [Thread-13] DEBUG type.BasicTypeRegistry  - Adding type registration boolean -> org.hibernate.type.BooleanType@2a3d4350
2014-12-04 18:21:39,829 40425 [Thread-13] DEBUG type.BasicTypeRegistry  - Adding type registration java.lang.Boolean -> org.hibernate.type.BooleanType@2a3d4350
2014-12-04 18:21:39,830 40426 [Thread-13] DEBUG type.BasicTypeRegistry  - Adding type registration numeric_boolean -> org.hibernate.type.NumericBooleanType@1f65e220
2014-12-04 18:21:39,831 40427 [Thread-13] DEBUG type.BasicTypeRegistry  - Adding type registration true_false -> org.hibernate.type.TrueFalseType@bec04ab
2014-12-04 18:21:39,831 40427 [Thread-13] DEBUG type.BasicTypeRegistry  - Adding type registration yes_no -> org.hibernate.type.YesNoType@13a15f06
2014-12-04 18:21:39,833 40429 [Thread-13] DEBUG type.BasicTypeRegistry  - Adding type registration byte -> org.hibernate.type.ByteType@198ad24a
2014-12-04 18:21:39,833 40429 [Thread-13] DEBUG type.BasicTypeRegistry  - Adding type registration byte -> org.hibernate.type.ByteType@198ad24a
2014-12-04 18:21:39,833 40429 [Thread-13] DEBUG type.BasicTypeRegistry  - Adding type registration java.lang.Byte -> org.hibernate.type.ByteType@198ad24a
2014-12-04 18:21:39,834 40430 [Thread-13] DEBUG type.BasicTypeRegistry  - Adding type registration character -> org.hibernate.type.CharacterType@4e25140d
2014-12-04 18:21:39,834 40430 [Thread-13] DEBUG type.BasicTypeRegistry  - Adding type registration char -> org.hibernate.type.CharacterType@4e25140d
2014-12-04 18:21:39,834 40430 [Thread-13] DEBUG type.BasicTypeRegistry  - Adding type registration java.lang.Character -> org.hibernate.type.CharacterType@4e25140d
2014-12-04 18:21:39,837 40433 [Thread-13] DEBUG type.BasicTypeRegistry  - Adding type registration short -> org.hibernate.type.ShortType@b9cb6f
2014-12-04 18:21:39,837 40433 [Thread-13] DEBUG type.BasicTypeRegistry  - Adding type registration short -> org.hibernate.type.ShortType@b9cb6f
2014-12-04 18:21:39,837 40433 [Thread-13] DEBUG type.BasicTypeRegistry  - Adding type registration java.lang.Short -> org.hibernate.type.ShortType@b9cb6f
2014-12-04 18:21:39,838 40434 [Thread-13] DEBUG type.BasicTypeRegistry  - Adding type registration integer -> org.hibernate.type.IntegerType@4cca9378
2014-12-04 18:21:39,838 40434 [Thread-13] DEBUG type.BasicTypeRegistry  - Adding type registration int -> org.hibernate.type.IntegerType@4cca9378
2014-12-04 18:21:39,838 40434 [Thread-13] DEBUG type.BasicTypeRegistry  - Adding type registration java.lang.Integer -> org.hibernate.type.IntegerType@4cca9378
2014-12-04 18:21:39,840 40436 [Thread-13] DEBUG type.BasicTypeRegistry  - Adding type registration long -> org.hibernate.type.LongType@24e6fbeb
2014-12-04 18:21:39,840 40436 [Thread-13] DEBUG type.BasicTypeRegistry  - Adding type registration long -> org.hibernate.type.LongType@24e6fbeb
2014-12-04 18:21:39,840 40436 [Thread-13] DEBUG type.BasicTypeRegistry  - Adding type registration java.lang.Long -> org.hibernate.type.LongType@24e6fbeb
2014-12-04 18:21:39,841 40437 [Thread-13] DEBUG type.BasicTypeRegistry  - Adding type registration float -> org.hibernate.type.FloatType@67f02555
2014-12-04 18:21:39,842 40438 [Thread-13] DEBUG type.BasicTypeRegistry  - Adding type registration float -> org.hibernate.type.FloatType@67f02555
2014-12-04 18:21:39,842 40438 [Thread-13] DEBUG type.BasicTypeRegistry  - Adding type registration java.lang.Float -> org.hibernate.type.FloatType@67f02555
2014-12-04 18:21:39,843 40439 [Thread-13] DEBUG type.BasicTypeRegistry  - Adding type registration double -> org.hibernate.type.DoubleType@4fa31248
2014-12-04 18:21:39,843 40439 [Thread-13] DEBUG type.BasicTypeRegistry  - Adding type registration double -> org.hibernate.type.DoubleType@4fa31248
2014-12-04 18:21:39,843 40439 [Thread-13] DEBUG type.BasicTypeRegistry  - Adding type registration java.lang.Double -> org.hibernate.type.DoubleType@4fa31248
2014-12-04 18:21:39,844 40440 [Thread-13] DEBUG type.BasicTypeRegistry  - Adding type registration big_decimal -> org.hibernate.type.BigDecimalType@2582e0fc
2014-12-04 18:21:39,845 40441 [Thread-13] DEBUG type.BasicTypeRegistry  - Adding type registration java.math.BigDecimal -> org.hibernate.type.BigDecimalType@2582e0fc
2014-12-04 18:21:39,846 40442 [Thread-13] DEBUG type.BasicTypeRegistry  - Adding type registration big_integer -> org.hibernate.type.BigIntegerType@312ad978
2014-12-04 18:21:39,846 40442 [Thread-13] DEBUG type.BasicTypeRegistry  - Adding type registration java.math.BigInteger -> org.hibernate.type.BigIntegerType@312ad978
2014-12-04 18:21:39,847 40443 [Thread-13] DEBUG type.BasicTypeRegistry  - Adding type registration string -> org.hibernate.type.StringType@1e51e658
2014-12-04 18:21:39,847 40443 [Thread-13] DEBUG type.BasicTypeRegistry  - Adding type registration java.lang.String -> org.hibernate.type.StringType@1e51e658
2014-12-04 18:21:39,847 40443 [Thread-13] DEBUG type.BasicTypeRegistry  - Adding type registration url -> org.hibernate.type.UrlType@dc8647f
2014-12-04 18:21:39,848 40444 [Thread-13] DEBUG type.BasicTypeRegistry  - Adding type registration java.net.URL -> org.hibernate.type.UrlType@dc8647f
2014-12-04 18:21:39,850 40446 [Thread-13] DEBUG type.BasicTypeRegistry  - Adding type registration date -> org.hibernate.type.DateType@2981f992
2014-12-04 18:21:39,850 40446 [Thread-13] DEBUG type.BasicTypeRegistry  - Adding type registration java.sql.Date -> org.hibernate.type.DateType@2981f992
2014-12-04 18:21:39,852 40448 [Thread-13] DEBUG type.BasicTypeRegistry  - Adding type registration time -> org.hibernate.type.TimeType@6d6a8bf0
2014-12-04 18:21:39,852 40448 [Thread-13] DEBUG type.BasicTypeRegistry  - Adding type registration java.sql.Time -> org.hibernate.type.TimeType@6d6a8bf0
2014-12-04 18:21:39,853 40449 [Thread-13] DEBUG type.BasicTypeRegistry  - Adding type registration timestamp -> org.hibernate.type.TimestampType@379a935e
2014-12-04 18:21:39,854 40450 [Thread-13] DEBUG type.BasicTypeRegistry  - Adding type registration java.sql.Timestamp -> org.hibernate.type.TimestampType@379a935e
2014-12-04 18:21:39,854 40450 [Thread-13] DEBUG type.BasicTypeRegistry  - Adding type registration java.util.Date -> org.hibernate.type.TimestampType@379a935e
2014-12-04 18:21:39,855 40451 [Thread-13] DEBUG type.BasicTypeRegistry  - Adding type registration dbtimestamp -> org.hibernate.type.DbTimestampType@a825299
2014-12-04 18:21:39,856 40452 [Thread-13] DEBUG type.BasicTypeRegistry  - Adding type registration calendar -> org.hibernate.type.CalendarType@2309bcda
2014-12-04 18:21:39,856 40452 [Thread-13] DEBUG type.BasicTypeRegistry  - Adding type registration java.util.Calendar -> org.hibernate.type.CalendarType@2309bcda
2014-12-04 18:21:39,857 40453 [Thread-13] DEBUG type.BasicTypeRegistry  - Adding type registration java.util.GregorianCalendar -> org.hibernate.type.CalendarType@2309bcda
2014-12-04 18:21:39,858 40454 [Thread-13] DEBUG type.BasicTypeRegistry  - Adding type registration calendar_date -> org.hibernate.type.CalendarDateType@2ea72c70
2014-12-04 18:21:39,859 40455 [Thread-13] DEBUG type.BasicTypeRegistry  - Adding type registration locale -> org.hibernate.type.LocaleType@4f276412
2014-12-04 18:21:39,859 40455 [Thread-13] DEBUG type.BasicTypeRegistry  - Adding type registration java.util.Locale -> org.hibernate.type.LocaleType@4f276412
2014-12-04 18:21:39,860 40456 [Thread-13] DEBUG type.BasicTypeRegistry  - Adding type registration currency -> org.hibernate.type.CurrencyType@15150ef8
2014-12-04 18:21:39,861 40457 [Thread-13] DEBUG type.BasicTypeRegistry  - Adding type registration java.util.Currency -> org.hibernate.type.CurrencyType@15150ef8
2014-12-04 18:21:39,862 40458 [Thread-13] DEBUG type.BasicTypeRegistry  - Adding type registration timezone -> org.hibernate.type.TimeZoneType@14db81c3
2014-12-04 18:21:39,862 40458 [Thread-13] DEBUG type.BasicTypeRegistry  - Adding type registration java.util.TimeZone -> org.hibernate.type.TimeZoneType@14db81c3
2014-12-04 18:21:39,862 40458 [Thread-13] DEBUG type.BasicTypeRegistry  - Adding type registration class -> org.hibernate.type.ClassType@6ef53890
2014-12-04 18:21:39,863 40459 [Thread-13] DEBUG type.BasicTypeRegistry  - Adding type registration java.lang.Class -> org.hibernate.type.ClassType@6ef53890
2014-12-04 18:21:39,865 40461 [Thread-13] DEBUG type.BasicTypeRegistry  - Adding type registration uuid-binary -> org.hibernate.type.UUIDBinaryType@109f9bf6
2014-12-04 18:21:39,865 40461 [Thread-13] DEBUG type.BasicTypeRegistry  - Adding type registration java.util.UUID -> org.hibernate.type.UUIDBinaryType@109f9bf6
2014-12-04 18:21:39,865 40461 [Thread-13] DEBUG type.BasicTypeRegistry  - Adding type registration uuid-char -> org.hibernate.type.UUIDCharType@5fc43fa8
2014-12-04 18:21:39,866 40462 [Thread-13] DEBUG type.BasicTypeRegistry  - Adding type registration pg-uuid -> org.hibernate.type.PostgresUUIDType@2b68c70e
2014-12-04 18:21:39,867 40463 [Thread-13] DEBUG type.BasicTypeRegistry  - Adding type registration binary -> org.hibernate.type.BinaryType@5cf26c81
2014-12-04 18:21:39,868 40464 [Thread-13] DEBUG type.BasicTypeRegistry  - Adding type registration byte[] -> org.hibernate.type.BinaryType@5cf26c81
2014-12-04 18:21:39,868 40464 [Thread-13] DEBUG type.BasicTypeRegistry  - Adding type registration [B -> org.hibernate.type.BinaryType@5cf26c81
2014-12-04 18:21:39,869 40465 [Thread-13] DEBUG type.BasicTypeRegistry  - Adding type registration wrapper-binary -> org.hibernate.type.WrapperBinaryType@59d204cd
2014-12-04 18:21:39,869 40465 [Thread-13] DEBUG type.BasicTypeRegistry  - Adding type registration Byte[] -> org.hibernate.type.WrapperBinaryType@59d204cd
2014-12-04 18:21:39,869 40465 [Thread-13] DEBUG type.BasicTypeRegistry  - Adding type registration [Ljava.lang.Byte; -> org.hibernate.type.WrapperBinaryType@59d204cd
2014-12-04 18:21:39,870 40466 [Thread-13] DEBUG type.BasicTypeRegistry  - Adding type registration image -> org.hibernate.type.ImageType@509cd2bb
2014-12-04 18:21:39,871 40467 [Thread-13] DEBUG type.BasicTypeRegistry  - Adding type registration characters -> org.hibernate.type.CharArrayType@1c9e5724
2014-12-04 18:21:39,871 40467 [Thread-13] DEBUG type.BasicTypeRegistry  - Adding type registration char[] -> org.hibernate.type.CharArrayType@1c9e5724
2014-12-04 18:21:39,871 40467 [Thread-13] DEBUG type.BasicTypeRegistry  - Adding type registration [C -> org.hibernate.type.CharArrayType@1c9e5724
2014-12-04 18:21:39,872 40468 [Thread-13] DEBUG type.BasicTypeRegistry  - Adding type registration wrapper-characters -> org.hibernate.type.CharacterArrayType@6fc64ae1
2014-12-04 18:21:39,872 40468 [Thread-13] DEBUG type.BasicTypeRegistry  - Adding type registration [Ljava.lang.Character; -> org.hibernate.type.CharacterArrayType@6fc64ae1
2014-12-04 18:21:39,872 40468 [Thread-13] DEBUG type.BasicTypeRegistry  - Adding type registration Character[] -> org.hibernate.type.CharacterArrayType@6fc64ae1
2014-12-04 18:21:39,873 40469 [Thread-13] DEBUG type.BasicTypeRegistry  - Adding type registration text -> org.hibernate.type.TextType@2f6d9d1c
2014-12-04 18:21:39,877 40473 [Thread-13] DEBUG type.BasicTypeRegistry  - Adding type registration blob -> org.hibernate.type.BlobType@a1e932e
2014-12-04 18:21:39,877 40473 [Thread-13] DEBUG type.BasicTypeRegistry  - Adding type registration java.sql.Blob -> org.hibernate.type.BlobType@a1e932e
2014-12-04 18:21:39,878 40474 [Thread-13] DEBUG type.BasicTypeRegistry  - Adding type registration materialized_blob -> org.hibernate.type.MaterializedBlobType@67eecbc2
2014-12-04 18:21:39,881 40477 [Thread-13] DEBUG type.BasicTypeRegistry  - Adding type registration clob -> org.hibernate.type.ClobType@94b28ec
2014-12-04 18:21:39,881 40477 [Thread-13] DEBUG type.BasicTypeRegistry  - Adding type registration java.sql.Clob -> org.hibernate.type.ClobType@94b28ec
2014-12-04 18:21:39,881 40477 [Thread-13] DEBUG type.BasicTypeRegistry  - Adding type registration materialized_clob -> org.hibernate.type.MaterializedClobType@7c8b05ad
2014-12-04 18:21:39,882 40478 [Thread-13] DEBUG type.BasicTypeRegistry  - Adding type registration serializable -> org.hibernate.type.SerializableType@58ebfe0
2014-12-04 18:21:39,885 40481 [Thread-13] DEBUG type.BasicTypeRegistry  - Adding type registration object -> org.hibernate.type.ObjectType@2bfe605c
2014-12-04 18:21:39,885 40481 [Thread-13] DEBUG type.BasicTypeRegistry  - Adding type registration java.lang.Object -> org.hibernate.type.ObjectType@2bfe605c
2014-12-04 18:21:39,885 40481 [Thread-13] DEBUG type.BasicTypeRegistry  - Adding type registration imm_date -> org.hibernate.type.AdaptedImmutableType@5d1348a7
2014-12-04 18:21:39,885 40481 [Thread-13] DEBUG type.BasicTypeRegistry  - Adding type registration imm_time -> org.hibernate.type.AdaptedImmutableType@1d06fbae
2014-12-04 18:21:39,885 40481 [Thread-13] DEBUG type.BasicTypeRegistry  - Adding type registration imm_timestamp -> org.hibernate.type.AdaptedImmutableType@35756b65
2014-12-04 18:21:39,886 40482 [Thread-13] DEBUG type.BasicTypeRegistry  - Adding type registration imm_dbtimestamp -> org.hibernate.type.AdaptedImmutableType@2fddcf4e
2014-12-04 18:21:39,886 40482 [Thread-13] DEBUG type.BasicTypeRegistry  - Adding type registration imm_calendar -> org.hibernate.type.AdaptedImmutableType@b55226f
2014-12-04 18:21:39,886 40482 [Thread-13] DEBUG type.BasicTypeRegistry  - Adding type registration imm_calendar_date -> org.hibernate.type.AdaptedImmutableType@247ab39
2014-12-04 18:21:39,886 40482 [Thread-13] DEBUG type.BasicTypeRegistry  - Adding type registration imm_binary -> org.hibernate.type.AdaptedImmutableType@2f3a2c5a
2014-12-04 18:21:39,886 40482 [Thread-13] DEBUG type.BasicTypeRegistry  - Adding type registration imm_serializable -> org.hibernate.type.AdaptedImmutableType@1435e0ef
2014-12-04 18:21:39,903 40499 [Thread-13] INFO  common.Version  - HCANN000001: Hibernate Commons Annotations {4.0.1.Final}
2014-12-04 18:21:39,909 40505 [Thread-13] INFO  hibernate.Version  - HHH000412: Hibernate Core {4.1.7.Final}
2014-12-04 18:21:39,910 40506 [Thread-13] INFO  cfg.Environment  - HHH000206: hibernate.properties not found
2014-12-04 18:21:39,912 40508 [Thread-13] INFO  cfg.Environment  - HHH000021: Bytecode provider name : javassist
2014-12-04 18:21:39,924 40520 [Thread-13] DEBUG internal.DefaultIdentifierGeneratorFactory  - Registering IdentifierGenerator strategy [uuid2] -> [org.hibernate.id.UUIDGenerator]
2014-12-04 18:21:39,924 40520 [Thread-13] DEBUG internal.DefaultIdentifierGeneratorFactory  - Registering IdentifierGenerator strategy [guid] -> [org.hibernate.id.GUIDGenerator]
2014-12-04 18:21:39,925 40521 [Thread-13] DEBUG internal.DefaultIdentifierGeneratorFactory  - Registering IdentifierGenerator strategy [uuid] -> [org.hibernate.id.UUIDHexGenerator]
2014-12-04 18:21:39,926 40522 [Thread-13] DEBUG internal.DefaultIdentifierGeneratorFactory  - Registering IdentifierGenerator strategy [uuid.hex] -> [org.hibernate.id.UUIDHexGenerator]
2014-12-04 18:21:39,927 40523 [Thread-13] DEBUG internal.DefaultIdentifierGeneratorFactory  - Registering IdentifierGenerator strategy [hilo] -> [org.hibernate.id.TableHiLoGenerator]
2014-12-04 18:21:39,927 40523 [Thread-13] DEBUG internal.DefaultIdentifierGeneratorFactory  - Registering IdentifierGenerator strategy [assigned] -> [org.hibernate.id.Assigned]
2014-12-04 18:21:39,928 40524 [Thread-13] DEBUG internal.DefaultIdentifierGeneratorFactory  - Registering IdentifierGenerator strategy [identity] -> [org.hibernate.id.IdentityGenerator]
2014-12-04 18:21:39,929 40525 [Thread-13] DEBUG internal.DefaultIdentifierGeneratorFactory  - Registering IdentifierGenerator strategy [select] -> [org.hibernate.id.SelectGenerator]
2014-12-04 18:21:39,929 40525 [Thread-13] DEBUG internal.DefaultIdentifierGeneratorFactory  - Registering IdentifierGenerator strategy [sequence] -> [org.hibernate.id.SequenceGenerator]
2014-12-04 18:21:39,930 40526 [Thread-13] DEBUG internal.DefaultIdentifierGeneratorFactory  - Registering IdentifierGenerator strategy [seqhilo] -> [org.hibernate.id.SequenceHiLoGenerator]
2014-12-04 18:21:39,930 40526 [Thread-13] DEBUG internal.DefaultIdentifierGeneratorFactory  - Registering IdentifierGenerator strategy [increment] -> [org.hibernate.id.IncrementGenerator]
2014-12-04 18:21:39,931 40527 [Thread-13] DEBUG internal.DefaultIdentifierGeneratorFactory  - Registering IdentifierGenerator strategy [foreign] -> [org.hibernate.id.ForeignGenerator]
2014-12-04 18:21:39,931 40527 [Thread-13] DEBUG internal.DefaultIdentifierGeneratorFactory  - Registering IdentifierGenerator strategy [sequence-identity] -> [org.hibernate.id.SequenceIdentityGenerator]
2014-12-04 18:21:39,932 40528 [Thread-13] DEBUG internal.DefaultIdentifierGeneratorFactory  - Registering IdentifierGenerator strategy [enhanced-sequence] -> [org.hibernate.id.enhanced.SequenceStyleGenerator]
2014-12-04 18:21:39,932 40528 [Thread-13] DEBUG internal.DefaultIdentifierGeneratorFactory  - Registering IdentifierGenerator strategy [enhanced-table] -> [org.hibernate.id.enhanced.TableGenerator]
2014-12-04 18:21:39,934 40530 [Thread-13] INFO  cfg.Configuration  - HHH000042: Configuring from file: hibernate.cfg.xml
2014-12-04 18:21:40,048 40644 [Thread-13] DEBUG xml.DTDEntityResolver  - Trying to resolve system-id [http://hibernate.sourceforge.net/hibernate-configuration-3.0.dtd]
2014-12-04 18:21:40,048 40644 [Thread-13] WARN  xml.DTDEntityResolver  - HHH000223: Recognized obsolete hibernate namespace http://hibernate.sourceforge.net/. Use namespace http://www.hibernate.org/dtd/ instead. Refer to Hibernate 3.6 Migration Guide!
2014-12-04 18:21:40,048 40644 [Thread-13] DEBUG xml.DTDEntityResolver  - Attempting to resolve on classpath under org/hibernate/
2014-12-04 18:21:40,048 40644 [Thread-13] DEBUG xml.DTDEntityResolver  - Located [http://hibernate.sourceforge.net/hibernate-configuration-3.0.dtd] in classpath
2014-12-04 18:21:40,068 40664 [Thread-13] DEBUG cfg.Configuration  - hibernate.connection.driver_class=com.mysql.jdbc.Driver
2014-12-04 18:21:40,069 40665 [Thread-13] DEBUG cfg.Configuration  - connection.url=jdbc:mysql://localhost:3306/pixeland_content360
2014-12-04 18:21:40,069 40665 [Thread-13] DEBUG cfg.Configuration  - connection.username=root
2014-12-04 18:21:40,069 40665 [Thread-13] DEBUG cfg.Configuration  - connection.password=
2014-12-04 18:21:40,069 40665 [Thread-13] DEBUG cfg.Configuration  - hibernate.jdbc.batch_size=10
2014-12-04 18:21:40,069 40665 [Thread-13] DEBUG cfg.Configuration  - connection.pool_size=10
2014-12-04 18:21:40,069 40665 [Thread-13] DEBUG cfg.Configuration  - dialect=org.hibernate.dialect.MySQLDialect
2014-12-04 18:21:40,069 40665 [Thread-13] DEBUG cfg.Configuration  - current_session_context_class=thread
2014-12-04 18:21:40,070 40666 [Thread-13] DEBUG cfg.Configuration  - cache.provider_class=org.hibernate.cache.NoCacheProvider
2014-12-04 18:21:40,070 40666 [Thread-13] DEBUG cfg.Configuration  - use_sql_comments=false
2014-12-04 18:21:40,070 40666 [Thread-13] DEBUG cfg.Configuration  - generate_statistics=false
2014-12-04 18:21:40,070 40666 [Thread-13] DEBUG cfg.Configuration  - show_sql=false
2014-12-04 18:21:40,070 40666 [Thread-13] DEBUG cfg.Configuration  - Session-factory config [null] named class [com.pixelandtag.sms.producerthreads.Billable] for mapping
2014-12-04 18:21:40,077 40673 [Thread-13] INFO  cfg.Configuration  - HHH000041: Configured SessionFactory: null
2014-12-04 18:21:40,077 40673 [Thread-13] DEBUG cfg.Configuration  - Properties: {show_sql=false, java.vendor=Oracle Corporation, sun.java.launcher=SUN_STANDARD, hibernate.connection.url=jdbc:mysql://localhost:3306/pixeland_content360, sun.management.compiler=HotSpot 64-Bit Tiered Compilers, use_sql_comments=false, os.name=Windows 8.1, sun.boot.class.path=C:\Program Files\Java\jdk1.7.0_67\jre\lib\resources.jar;C:\Program Files\Java\jdk1.7.0_67\jre\lib\rt.jar;C:\Program Files\Java\jdk1.7.0_67\jre\lib\sunrsasign.jar;C:\Program Files\Java\jdk1.7.0_67\jre\lib\jsse.jar;C:\Program Files\Java\jdk1.7.0_67\jre\lib\jce.jar;C:\Program Files\Java\jdk1.7.0_67\jre\lib\charsets.jar;C:\Program Files\Java\jdk1.7.0_67\jre\lib\jfr.jar;C:\Program Files\Java\jdk1.7.0_67\jre\classes, hibernate.current_session_context_class=thread, generate_statistics=false, sun.desktop=windows, java.vm.specification.vendor=Oracle Corporation, hibernate.generate_statistics=false, java.runtime.version=1.7.0_67-b01, hibernate.cache.provider_class=org.hibernate.cache.NoCacheProvider, user.name=timothy, current_session_context_class=thread, user.language=en, sun.boot.library.path=C:\Program Files\Java\jdk1.7.0_67\jre\bin, dialect=org.hibernate.dialect.MySQLDialect, java.version=1.7.0_67, user.timezone=Africa/Nairobi, sun.arch.data.model=64, java.endorsed.dirs=C:\Program Files\Java\jdk1.7.0_67\jre\lib\endorsed, sun.cpu.isalist=amd64, sun.jnu.encoding=Cp1252, file.encoding.pkg=sun.io, file.separator=\, java.specification.name=Java Platform API Specification, java.class.version=51.0, user.country=US, connection.url=jdbc:mysql://localhost:3306/pixeland_content360, java.home=C:\Program Files\Java\jdk1.7.0_67\jre, java.vm.info=mixed mode, os.version=6.3, path.separator=;, connection.password=, java.vm.version=24.65-b04, hibernate.connection.password=, user.variant=, hibernate.jdbc.batch_size=10, java.awt.printerjob=sun.awt.windows.WPrinterJob, sun.io.unicode.encoding=UnicodeLittle, awt.toolkit=sun.awt.windows.WToolkit, hibernate.connection.username=root, user.script=, user.home=C:\Users\timothy, java.specification.vendor=Oracle Corporation, java.library.path=C:\Program Files\Java\jdk1.7.0_67\bin;C:\WINDOWS\Sun\Java\bin;C:\WINDOWS\system32;C:\WINDOWS;C:/Program Files/Java/jre8/bin/server;C:/Program Files/Java/jre8/bin;C:/Program Files/Java/jre8/lib/amd64;C:\Program Files (x86)\NVIDIA Corporation\PhysX\Common;H:\Software\oracle\INSTALLATION_FOLDER\app\oracle\product\11.2.0\server\bin;;C:\Program Files (x86)\Intel\iCLS Client\;C:\Program Files\Intel\iCLS Client\;C:\WINDOWS\system32;C:\WINDOWS;C:\WINDOWS\System32\Wbem;C:\WINDOWS\System32\WindowsPowerShell\v1.0\;C:\Program Files (x86)\Windows Live\Shared;C:\Program Files (x86)\Intel\OpenCL SDK\2.0\bin\x86;C:\Program Files (x86)\Intel\OpenCL SDK\2.0\bin\x64;C:\Program Files\Intel\Intel(R) Management Engine Components\DAL;C:\Program Files\Intel\Intel(R) Management Engine Components\IPT;C:\Program Files (x86)\Intel\Intel(R) Management Engine Components\DAL;C:\Program Files (x86)\Intel\Intel(R) Management Engine Components\IPT;C:\Program Files\Diskeeper Corporation\ExpressCache\;C:\Program Files\Java\jdk1.7.0_67\bin;C:\Program Files\MySQL\MySQL Server 5.5\bin;H:\Software\SOFTWARE\software_64\apache-ant-1.8.2-bin\apache-ant-1.8.2\bin;H:\Software\Adempiere_370LTS\Adempiere\bin;C:\Program Files\PostgreSQL\9.3\bin;C:\Program Files (x86)\Subversion\bin;H:\INSTALLED_SOFTWARE\jboss-7.2.0.Final\bin;H:\INSTALLED_SOFTWARE\apache-maven-3.2.1-bin\bin;C:\Program Files (x86)\Git\cmd;H:\Software\jd-gui-0.3.3.windows\jd-gui.exe;C:\Program Files (x86)\SecuGen\FDx SDK Pro for Windows\bin\x64;F:\Projects\Systech\systechBiometrics\secugen\x64\;C:\Program Files\Microsoft SQL Server\110\DTS\Binn\;C:\Program Files (x86)\Microsoft SQL Server\110\Tools\Binn\;C:\Program Files\Microsoft SQL Server\110\Tools\Binn\;C:\Program Files (x86)\Microsoft SQL Server\110\Tools\Binn\ManagementStudio\;C:\Program Files (x86)\Microsoft Visual Studio 10.0\Common7\IDE\PrivateAssemblies\;C:\Program Files (x86)\Microsoft SQL Server\110\DTS\Binn\;C:\Program Files (x86)\IBM\TeamConcertBuild\buildsystem\buildengine\eclipse\;C:\Program Files (x86)\Nmap;;H:\INSTALLED_SOFTWARE\eclipse-jee-luna-R-win32-x86_64;;., java.vendor.url=http://java.oracle.com/, hibernate.connection.driver_class=com.mysql.jdbc.Driver, connection.username=root, java.vm.vendor=Oracle Corporation, hibernate.dialect=org.hibernate.dialect.MySQLDialect, java.runtime.name=Java(TM) SE Runtime Environment, sun.java.command=com.pixelandtag.sms.application.HTTPMTSenderApp, java.class.path=F:\Projects\Systech\cmp\target\classes;C:\Users\timothy\.m2\repository\com\google\code\gson\gson\2.2.4\gson-2.2.4.jar;C:\Users\timothy\.m2\repository\commons-lang\commons-lang\2.3\commons-lang-2.3.jar;C:\Users\timothy\.m2\repository\org\hibernate\hibernate-core\4.1.7.Final\hibernate-core-4.1.7.Final.jar;C:\Users\timothy\.m2\repository\org\jboss\logging\jboss-logging\3.1.0.GA\jboss-logging-3.1.0.GA.jar;C:\Users\timothy\.m2\repository\org\jboss\spec\javax\transaction\jboss-transaction-api_1.1_spec\1.0.0.Final\jboss-transaction-api_1.1_spec-1.0.0.Final.jar;C:\Users\timothy\.m2\repository\org\javassist\javassist\3.15.0-GA\javassist-3.15.0-GA.jar;C:\Users\timothy\.m2\repository\org\hibernate\common\hibernate-commons-annotations\4.0.1.Final\hibernate-commons-annotations-4.0.1.Final.jar;C:\Users\timothy\.m2\repository\mysql\mysql-connector-java\5.1.14\mysql-connector-java-5.1.14.jar;C:\Users\timothy\.m2\repository\log4j\log4j\1.2.16\log4j-1.2.16.jar;C:\Users\timothy\.m2\repository\org\slf4j\jcl-over-slf4j\1.5.11\jcl-over-slf4j-1.5.11.jar;C:\Users\timothy\.m2\repository\org\slf4j\slf4j-api\1.5.11\slf4j-api-1.5.11.jar;C:\Users\timothy\.m2\repository\commons-beanutils\commons-beanutils\1.8.0\commons-beanutils-1.8.0.jar;C:\Users\timothy\.m2\repository\antlr\antlr\2.7.6\antlr-2.7.6.jar;C:\Users\timothy\.m2\repository\org\hibernate\hibernate-tools\3.2.0.ga\hibernate-tools-3.2.0.ga.jar;C:\Users\timothy\.m2\repository\org\beanshell\bsh\2.0b4\bsh-2.0b4.jar;C:\Users\timothy\.m2\repository\freemarker\freemarker\2.3.8\freemarker-2.3.8.jar;C:\Users\timothy\.m2\repository\org\hibernate\jtidy\r8-20060801\jtidy-r8-20060801.jar;C:\Users\timothy\.m2\repository\org\hibernate\hibernate-annotations\3.2.0.ga\hibernate-annotations-3.2.0.ga.jar;C:\Users\timothy\.m2\repository\javax\persistence\persistence-api\1.0\persistence-api-1.0.jar;C:\Users\timothy\.m2\repository\dom4j\dom4j\1.5.1\dom4j-1.5.1.jar;C:\Users\timothy\.m2\repository\jaxme\jaxme-api\0.3\jaxme-api-0.3.jar;C:\Users\timothy\.m2\repository\jaxen\jaxen\1.1-beta-4\jaxen-1.1-beta-4.jar;C:\Users\timothy\.m2\repository\jdom\jdom\b10\jdom-b10.jar;C:\Users\timothy\.m2\repository\xerces\xmlParserAPIs\2.6.2\xmlParserAPIs-2.6.2.jar;C:\Users\timothy\.m2\repository\xerces\xercesImpl\2.6.2\xercesImpl-2.6.2.jar;C:\Users\timothy\.m2\repository\xom\xom\1.0b3\xom-1.0b3.jar;C:\Users\timothy\.m2\repository\com\ibm\icu\icu4j\2.6.1\icu4j-2.6.1.jar;C:\Users\timothy\.m2\repository\xalan\xalan\2.6.0\xalan-2.6.0.jar;C:\Users\timothy\.m2\repository\org\ccil\cowan\tagsoup\tagsoup\0.9.7\tagsoup-0.9.7.jar;C:\Users\timothy\.m2\repository\msv\xsdlib\20030807\xsdlib-20030807.jar;C:\Users\timothy\.m2\repository\msv\relaxngDatatype\20030807\relaxngDatatype-20030807.jar;C:\Users\timothy\.m2\repository\pull-parser\pull-parser\2\pull-parser-2.jar;C:\Users\timothy\.m2\repository\xpp3\xpp3\1.1.3.3\xpp3-1.1.3.3.jar;C:\Users\timothy\.m2\repository\stax\stax\1.0\stax-1.0.jar;C:\Users\timothy\.m2\repository\xml-apis\xml-apis\1.0.b2\xml-apis-1.0.b2.jar;C:\Users\timothy\.m2\repository\org\hibernate\javax\persistence\hibernate-jpa-2.0-api\1.0.0.Final\hibernate-jpa-2.0-api-1.0.0.Final.jar;C:\Users\timothy\.m2\repository\org\hibernate\hibernate\3.2.4.sp1\hibernate-3.2.4.sp1.jar;C:\Users\timothy\.m2\repository\net\sf\ehcache\ehcache\1.2.3\ehcache-1.2.3.jar;C:\Users\timothy\.m2\repository\asm\asm-attrs\1.5.3\asm-attrs-1.5.3.jar;C:\Users\timothy\.m2\repository\cglib\cglib\2.1_3\cglib-2.1_3.jar;C:\Users\timothy\.m2\repository\asm\asm\1.5.3\asm-1.5.3.jar;C:\Users\timothy\.m2\repository\commons-collections\commons-collections\2.1.1\commons-collections-2.1.1.jar;C:\Users\timothy\.m2\repository\commons-logging\commons-logging\1.1.1\commons-logging-1.1.1.jar;C:\Users\timothy\.m2\repository\org\freemarker\freemarker\2.3.16\freemarker-2.3.16.jar;C:\Users\timothy\.m2\repository\displaytag\displaytag\1.2\displaytag-1.2.jar;C:\Users\timothy\.m2\repository\com\lowagie\itext\1.3\itext-1.3.jar;C:\Users\timothy\.m2\repository\org\slf4j\slf4j-log4j12\1.4.2\slf4j-log4j12-1.4.2.jar;C:\Users\timothy\.m2\repository\taglibs\standard\1.1.2\standard-1.1.2.jar;C:\Users\timothy\.m2\repository\javax\ejb\ejb-api\3.0-alpha-1\ejb-api-3.0-alpha-1.jar;C:\Users\timothy\.m2\repository\javax\transaction\transaction-api\1.1\transaction-api-1.1.jar;C:\Users\timothy\.m2\repository\javax\xml\jaxrpc-api\1.1\jaxrpc-api-1.1.jar;C:\Users\timothy\.m2\repository\net\sourceforge\stripes\stripes\1.5.8\stripes-1.5.8.jar;C:\Users\timothy\.m2\repository\org\json\json\20090211\json-20090211.jar;C:\Users\timothy\.m2\repository\com\timothy\loancalculator\loan_calculator_shared\1.0.0\loan_calculator_shared-1.0.0.jar;C:\Users\timothy\.m2\repository\javax\transaction\jta\1.1\jta-1.1.jar;C:\Users\timothy\.m2\repository\javax\servlet\jstl\1.2\jstl-1.2.jar;C:\Users\timothy\.m2\repository\javax\mail\mail\1.4\mail-1.4.jar;C:\Users\timothy\.m2\repository\javax\activation\activation\1.1\activation-1.1.jar;C:\Users\timothy\.m2\repository\org\eclipse\persistence\javax.persistence\2.0.0\javax.persistence-2.0.0.jar;C:\Users\timothy\.m2\repository\org\jboss\resteasy\resteasy-jaxrs\2.2.1.GA\resteasy-jaxrs-2.2.1.GA.jar;C:\Users\timothy\.m2\repository\org\jboss\resteasy\jaxrs-api\2.2.1.GA\jaxrs-api-2.2.1.GA.jar;C:\Users\timothy\.m2\repository\org\scannotation\scannotation\1.0.3\scannotation-1.0.3.jar;C:\Users\timothy\.m2\repository\javassist\javassist\3.12.1.GA\javassist-3.12.1.GA.jar;C:\Users\timothy\.m2\repository\javax\annotation\jsr250-api\1.0\jsr250-api-1.0.jar;C:\Users\timothy\.m2\repository\commons-httpclient\commons-httpclient\3.1\commons-httpclient-3.1.jar;C:\Users\timothy\.m2\repository\net\jcip\jcip-annotations\1.0\jcip-annotations-1.0.jar;F:\Projects\Systech\cmp\lib\ibx.jar;F:\Projects\Systech\cmp\lib\stripes-security-1.4.2.jar;F:\Projects\Systech\cmp\lib\stripersist-1.0.jar;F:\Projects\Systech\cmp\lib\secureTag.jar;F:\Projects\Systech\cmp\lib\lucky_dip.jar;F:\Projects\Systech\cmp\lib\utillib.jar;C:\Users\timothy\.m2\repository\javax\servlet\servlet-api\2.5\servlet-api-2.5.jar;C:\Users\timothy\.m2\repository\org\apache\poi\poi\3.7\poi-3.7.jar;C:\Users\timothy\.m2\repository\net\snaq\dbpool\5.0\dbpool-5.0.jar;C:\Users\timothy\.m2\repository\org\apache\commons\commons-email\1.1\commons-email-1.1.jar;C:\Users\timothy\.m2\repository\commons-codec\commons-codec\1.4\commons-codec-1.4.jar;C:\Users\timothy\.m2\repository\org\apache\httpcomponents\httpmime\4.1.3\httpmime-4.1.3.jar;C:\Users\timothy\.m2\repository\org\apache\httpcomponents\httpcore\4.1.4\httpcore-4.1.4.jar;C:\Users\timothy\.m2\repository\org\apache\httpcomponents\httpclient\4.1.3\httpclient-4.1.3.jar;C:\Users\timothy\.m2\repository\org\stripesstuff\stripesstuff\0.4.0\stripesstuff-0.4.0.jar, hibernate.bytecode.use_reflection_optimizer=false, java.vm.specification.name=Java Virtual Machine Specification, java.vm.specification.version=1.7, sun.cpu.endian=little, sun.os.patch.level=, connection.pool_size=10, java.io.tmpdir=C:\Users\timothy\AppData\Local\Temp\, java.vendor.url.bug=http://bugreport.sun.com/bugreport/, os.arch=amd64, java.awt.graphicsenv=sun.awt.Win32GraphicsEnvironment, java.ext.dirs=C:\Program Files\Java\jdk1.7.0_67\jre\lib\ext;C:\WINDOWS\Sun\Java\lib\ext, hibernate.use_sql_comments=false, user.dir=F:\Projects\Systech\cmp, line.separator=
, java.vm.name=Java HotSpot(TM) 64-Bit Server VM, cache.provider_class=org.hibernate.cache.NoCacheProvider, file.encoding=UTF-8, java.specification.version=1.7, hibernate.show_sql=false, hibernate.connection.pool_size=10}
2014-12-04 18:21:40,084 40680 [Thread-13] DEBUG internal.IntegratorServiceImpl  - Adding Integrator [org.hibernate.cfg.beanvalidation.BeanValidationIntegrator].
2014-12-04 18:21:40,115 40711 [Finalizer] DEBUG tsccm.ThreadSafeClientConnManager  - Shutting down
2014-12-04 18:21:40,127 40723 [Thread-13] DEBUG cfg.Configuration  - Preparing to build session factory with filters : {}
2014-12-04 18:21:40,167 40763 [Thread-13] DEBUG cfg.Configuration  - Processing hbm.xml files
2014-12-04 18:21:40,167 40763 [Thread-13] DEBUG cfg.Configuration  - Process annotated classes
2014-12-04 18:21:40,172 40768 [Thread-13] DEBUG cfg.AnnotationBinder  - Binding entity from annotated class: com.pixelandtag.sms.producerthreads.Billable
2014-12-04 18:21:40,198 40794 [Thread-13] DEBUG cfg.Ejb3Column  - Binding column: Ejb3DiscriminatorColumn{logicalColumnName'DTYPE', discriminatorTypeName='string'}
2014-12-04 18:21:40,200 40796 [Thread-13] DEBUG cfg.AnnotationBinder  - No value specified for 'javax.persistence.sharedCache.mode'; using UNSPECIFIED
2014-12-04 18:21:40,206 40802 [Thread-13] DEBUG annotations.EntityBinder  - Import with entity name Billable
2014-12-04 18:21:40,208 40804 [Thread-13] DEBUG annotations.EntityBinder  - Bind entity com.pixelandtag.sms.producerthreads.Billable on table billable_queue
2014-12-04 18:21:40,246 40842 [Thread-13] DEBUG cfg.Ejb3Column  - Binding column: Ejb3Column{table=org.hibernate.mapping.Table(billable_queue), mappingColumn=id, insertable=true, updatable=true, unique=false}
2014-12-04 18:21:40,249 40845 [Thread-13] DEBUG annotations.PropertyBinder  - MetadataSourceProcessor property id with lazy=false
2014-12-04 18:21:40,250 40846 [Thread-13] DEBUG annotations.SimpleValueBinder  - building SimpleValue for id
2014-12-04 18:21:40,252 40848 [Thread-13] DEBUG annotations.PropertyBinder  - Building property id
2014-12-04 18:21:40,255 40851 [Thread-13] DEBUG cfg.Ejb3Column  - Binding column: Ejb3Column{table=org.hibernate.mapping.Table(billable_queue), mappingColumn=cp_id, insertable=true, updatable=true, unique=false}
2014-12-04 18:21:40,255 40851 [Thread-13] DEBUG annotations.PropertyBinder  - MetadataSourceProcessor property cp_id with lazy=false
2014-12-04 18:21:40,256 40852 [Thread-13] DEBUG annotations.SimpleValueBinder  - building SimpleValue for cp_id
2014-12-04 18:21:40,256 40852 [Thread-13] DEBUG annotations.PropertyBinder  - Building property cp_id
2014-12-04 18:21:40,256 40852 [Thread-13] DEBUG cfg.Ejb3Column  - Binding column: Ejb3Column{table=org.hibernate.mapping.Table(billable_queue), mappingColumn=cp_tx_id, insertable=true, updatable=true, unique=true}
2014-12-04 18:21:40,256 40852 [Thread-13] DEBUG annotations.PropertyBinder  - MetadataSourceProcessor property cp_tx_id with lazy=false
2014-12-04 18:21:40,256 40852 [Thread-13] DEBUG annotations.SimpleValueBinder  - building SimpleValue for cp_tx_id
2014-12-04 18:21:40,256 40852 [Thread-13] DEBUG annotations.PropertyBinder  - Building property cp_tx_id
2014-12-04 18:21:40,257 40853 [Thread-13] DEBUG cfg.Ejb3Column  - Binding column: Ejb3Column{table=org.hibernate.mapping.Table(billable_queue), mappingColumn=discount_applied, insertable=true, updatable=true, unique=false}
2014-12-04 18:21:40,257 40853 [Thread-13] DEBUG annotations.PropertyBinder  - MetadataSourceProcessor property discount_applied with lazy=false
2014-12-04 18:21:40,257 40853 [Thread-13] DEBUG annotations.SimpleValueBinder  - building SimpleValue for discount_applied
2014-12-04 18:21:40,257 40853 [Thread-13] DEBUG annotations.PropertyBinder  - Building property discount_applied
2014-12-04 18:21:40,257 40853 [Thread-13] DEBUG cfg.Ejb3Column  - Binding column: Ejb3Column{table=org.hibernate.mapping.Table(billable_queue), mappingColumn=event_type, insertable=true, updatable=true, unique=false}
2014-12-04 18:21:40,257 40853 [Thread-13] DEBUG annotations.PropertyBinder  - MetadataSourceProcessor property event_type with lazy=false
2014-12-04 18:21:40,258 40854 [Thread-13] DEBUG annotations.SimpleValueBinder  - building SimpleValue for event_type
2014-12-04 18:21:40,259 40855 [Thread-13] DEBUG annotations.PropertyBinder  - Building property event_type
2014-12-04 18:21:40,259 40855 [Thread-13] DEBUG cfg.Ejb3Column  - Binding column: Ejb3Column{table=org.hibernate.mapping.Table(billable_queue), mappingColumn=in_outgoing_queue, insertable=true, updatable=true, unique=false}
2014-12-04 18:21:40,259 40855 [Thread-13] DEBUG annotations.PropertyBinder  - MetadataSourceProcessor property in_outgoing_queue with lazy=false
2014-12-04 18:21:40,259 40855 [Thread-13] DEBUG annotations.SimpleValueBinder  - building SimpleValue for in_outgoing_queue
2014-12-04 18:21:40,259 40855 [Thread-13] DEBUG annotations.PropertyBinder  - Building property in_outgoing_queue
2014-12-04 18:21:40,259 40855 [Thread-13] DEBUG cfg.Ejb3Column  - Binding column: Ejb3Column{table=org.hibernate.mapping.Table(billable_queue), mappingColumn=keyword, insertable=true, updatable=true, unique=false}
2014-12-04 18:21:40,259 40855 [Thread-13] DEBUG annotations.PropertyBinder  - MetadataSourceProcessor property keyword with lazy=false
2014-12-04 18:21:40,259 40855 [Thread-13] DEBUG annotations.SimpleValueBinder  - building SimpleValue for keyword
2014-12-04 18:21:40,259 40855 [Thread-13] DEBUG annotations.PropertyBinder  - Building property keyword
2014-12-04 18:21:40,259 40855 [Thread-13] DEBUG cfg.Ejb3Column  - Binding column: Ejb3Column{table=org.hibernate.mapping.Table(billable_queue), mappingColumn=maxRetriesAllowed, insertable=true, updatable=true, unique=false}
2014-12-04 18:21:40,260 40856 [Thread-13] DEBUG annotations.PropertyBinder  - MetadataSourceProcessor property maxRetriesAllowed with lazy=false
2014-12-04 18:21:40,260 40856 [Thread-13] DEBUG annotations.SimpleValueBinder  - building SimpleValue for maxRetriesAllowed
2014-12-04 18:21:40,260 40856 [Thread-13] DEBUG annotations.PropertyBinder  - Building property maxRetriesAllowed
2014-12-04 18:21:40,260 40856 [Thread-13] DEBUG cfg.Ejb3Column  - Binding column: Ejb3Column{table=org.hibernate.mapping.Table(billable_queue), mappingColumn=message_id, insertable=true, updatable=true, unique=false}
2014-12-04 18:21:40,260 40856 [Thread-13] DEBUG annotations.PropertyBinder  - MetadataSourceProcessor property message_id with lazy=false
2014-12-04 18:21:40,260 40856 [Thread-13] DEBUG annotations.SimpleValueBinder  - building SimpleValue for message_id
2014-12-04 18:21:40,260 40856 [Thread-13] DEBUG annotations.PropertyBinder  - Building property message_id
2014-12-04 18:21:40,260 40856 [Thread-13] DEBUG cfg.Ejb3Column  - Binding column: Ejb3Column{table=org.hibernate.mapping.Table(billable_queue), mappingColumn=msisdn, insertable=true, updatable=true, unique=false}
2014-12-04 18:21:40,260 40856 [Thread-13] DEBUG annotations.PropertyBinder  - MetadataSourceProcessor property msisdn with lazy=false
2014-12-04 18:21:40,261 40857 [Thread-13] DEBUG annotations.SimpleValueBinder  - building SimpleValue for msisdn
2014-12-04 18:21:40,261 40857 [Thread-13] DEBUG annotations.PropertyBinder  - Building property msisdn
2014-12-04 18:21:40,261 40857 [Thread-13] DEBUG cfg.Ejb3Column  - Binding column: Ejb3Column{table=org.hibernate.mapping.Table(billable_queue), mappingColumn=operation, insertable=true, updatable=true, unique=false}
2014-12-04 18:21:40,261 40857 [Thread-13] DEBUG annotations.PropertyBinder  - MetadataSourceProcessor property operation with lazy=false
2014-12-04 18:21:40,261 40857 [Thread-13] DEBUG annotations.SimpleValueBinder  - building SimpleValue for operation
2014-12-04 18:21:40,261 40857 [Thread-13] DEBUG annotations.PropertyBinder  - Building property operation
2014-12-04 18:21:40,261 40857 [Thread-13] DEBUG cfg.Ejb3Column  - Binding column: Ejb3Column{table=org.hibernate.mapping.Table(billable_queue), mappingColumn=price, insertable=true, updatable=true, unique=false}
2014-12-04 18:21:40,261 40857 [Thread-13] DEBUG annotations.PropertyBinder  - MetadataSourceProcessor property price with lazy=false
2014-12-04 18:21:40,261 40857 [Thread-13] DEBUG annotations.SimpleValueBinder  - building SimpleValue for price
2014-12-04 18:21:40,261 40857 [Thread-13] DEBUG annotations.PropertyBinder  - Building property price
2014-12-04 18:21:40,262 40858 [Thread-13] DEBUG cfg.Ejb3Column  - Binding column: Ejb3Column{table=org.hibernate.mapping.Table(billable_queue), mappingColumn=priority, insertable=true, updatable=true, unique=false}
2014-12-04 18:21:40,262 40858 [Thread-13] DEBUG annotations.PropertyBinder  - MetadataSourceProcessor property priority with lazy=false
2014-12-04 18:21:40,262 40858 [Thread-13] DEBUG annotations.SimpleValueBinder  - building SimpleValue for priority
2014-12-04 18:21:40,262 40858 [Thread-13] DEBUG annotations.PropertyBinder  - Building property priority
2014-12-04 18:21:40,262 40858 [Thread-13] DEBUG cfg.Ejb3Column  - Binding column: Ejb3Column{table=org.hibernate.mapping.Table(billable_queue), mappingColumn=processed, insertable=true, updatable=true, unique=false}
2014-12-04 18:21:40,262 40858 [Thread-13] DEBUG annotations.PropertyBinder  - MetadataSourceProcessor property processed with lazy=false
2014-12-04 18:21:40,262 40858 [Thread-13] DEBUG annotations.SimpleValueBinder  - building SimpleValue for processed
2014-12-04 18:21:40,262 40858 [Thread-13] DEBUG annotations.PropertyBinder  - Building property processed
2014-12-04 18:21:40,262 40858 [Thread-13] DEBUG cfg.Ejb3Column  - Binding column: Ejb3Column{table=org.hibernate.mapping.Table(billable_queue), mappingColumn=resp_status_code, insertable=true, updatable=true, unique=false}
2014-12-04 18:21:40,263 40859 [Thread-13] DEBUG annotations.PropertyBinder  - MetadataSourceProcessor property resp_status_code with lazy=false
2014-12-04 18:21:40,263 40859 [Thread-13] DEBUG annotations.SimpleValueBinder  - building SimpleValue for resp_status_code
2014-12-04 18:21:40,263 40859 [Thread-13] DEBUG annotations.PropertyBinder  - Building property resp_status_code
2014-12-04 18:21:40,263 40859 [Thread-13] DEBUG cfg.Ejb3Column  - Binding column: Ejb3Column{table=org.hibernate.mapping.Table(billable_queue), mappingColumn=retry_count, insertable=true, updatable=true, unique=false}
2014-12-04 18:21:40,263 40859 [Thread-13] DEBUG annotations.PropertyBinder  - MetadataSourceProcessor property retry_count with lazy=false
2014-12-04 18:21:40,263 40859 [Thread-13] DEBUG annotations.SimpleValueBinder  - building SimpleValue for retry_count
2014-12-04 18:21:40,263 40859 [Thread-13] DEBUG annotations.PropertyBinder  - Building property retry_count
2014-12-04 18:21:40,263 40859 [Thread-13] DEBUG cfg.Ejb3Column  - Binding column: Ejb3Column{table=org.hibernate.mapping.Table(billable_queue), mappingColumn=service_id, insertable=true, updatable=true, unique=false}
2014-12-04 18:21:40,263 40859 [Thread-13] DEBUG annotations.PropertyBinder  - MetadataSourceProcessor property service_id with lazy=false
2014-12-04 18:21:40,264 40860 [Thread-13] DEBUG annotations.SimpleValueBinder  - building SimpleValue for service_id
2014-12-04 18:21:40,264 40860 [Thread-13] DEBUG annotations.PropertyBinder  - Building property service_id
2014-12-04 18:21:40,264 40860 [Thread-13] DEBUG cfg.Ejb3Column  - Binding column: Ejb3Column{table=org.hibernate.mapping.Table(billable_queue), mappingColumn=shortcode, insertable=true, updatable=true, unique=false}
2014-12-04 18:21:40,264 40860 [Thread-13] DEBUG annotations.PropertyBinder  - MetadataSourceProcessor property shortcode with lazy=false
2014-12-04 18:21:40,264 40860 [Thread-13] DEBUG annotations.SimpleValueBinder  - building SimpleValue for shortcode
2014-12-04 18:21:40,264 40860 [Thread-13] DEBUG annotations.PropertyBinder  - Building property shortcode
2014-12-04 18:21:40,264 40860 [Thread-13] DEBUG cfg.Ejb3Column  - Binding column: Ejb3Column{table=org.hibernate.mapping.Table(billable_queue), mappingColumn=success, insertable=true, updatable=true, unique=false}
2014-12-04 18:21:40,264 40860 [Thread-13] DEBUG annotations.PropertyBinder  - MetadataSourceProcessor property success with lazy=false
2014-12-04 18:21:40,265 40861 [Thread-13] DEBUG annotations.SimpleValueBinder  - building SimpleValue for success
2014-12-04 18:21:40,265 40861 [Thread-13] DEBUG annotations.PropertyBinder  - Building property success
2014-12-04 18:21:40,265 40861 [Thread-13] DEBUG cfg.Ejb3Column  - Binding column: Ejb3Column{table=org.hibernate.mapping.Table(billable_queue), mappingColumn=timeStamp, insertable=false, updatable=false, unique=false}
2014-12-04 18:21:40,265 40861 [Thread-13] DEBUG annotations.PropertyBinder  - MetadataSourceProcessor property timeStamp with lazy=false
2014-12-04 18:21:40,266 40862 [Thread-13] DEBUG annotations.SimpleValueBinder  - building SimpleValue for timeStamp
2014-12-04 18:21:40,266 40862 [Thread-13] DEBUG annotations.PropertyBinder  - Building property timeStamp
2014-12-04 18:21:40,266 40862 [Thread-13] DEBUG cfg.Ejb3Column  - Binding column: Ejb3Column{table=org.hibernate.mapping.Table(billable_queue), mappingColumn=tx_id, insertable=true, updatable=true, unique=false}
2014-12-04 18:21:40,266 40862 [Thread-13] DEBUG annotations.PropertyBinder  - MetadataSourceProcessor property tx_id with lazy=false
2014-12-04 18:21:40,266 40862 [Thread-13] DEBUG annotations.SimpleValueBinder  - building SimpleValue for tx_id
2014-12-04 18:21:40,266 40862 [Thread-13] DEBUG annotations.PropertyBinder  - Building property tx_id
2014-12-04 18:21:40,268 40864 [Thread-13] DEBUG annotations.SimpleValueBinder  - Setting SimpleValue typeName for id
2014-12-04 18:21:40,268 40864 [Thread-13] DEBUG annotations.SimpleValueBinder  - Setting SimpleValue typeName for cp_id
2014-12-04 18:21:40,268 40864 [Thread-13] DEBUG annotations.SimpleValueBinder  - Setting SimpleValue typeName for cp_tx_id
2014-12-04 18:21:40,268 40864 [Thread-13] DEBUG annotations.SimpleValueBinder  - Setting SimpleValue typeName for discount_applied
2014-12-04 18:21:40,268 40864 [Thread-13] DEBUG annotations.SimpleValueBinder  - Setting SimpleValue typeName for event_type
2014-12-04 18:21:40,268 40864 [Thread-13] DEBUG annotations.SimpleValueBinder  - Setting SimpleValue typeName for in_outgoing_queue
2014-12-04 18:21:40,268 40864 [Thread-13] DEBUG annotations.SimpleValueBinder  - Setting SimpleValue typeName for keyword
2014-12-04 18:21:40,269 40865 [Thread-13] DEBUG annotations.SimpleValueBinder  - Setting SimpleValue typeName for maxRetriesAllowed
2014-12-04 18:21:40,269 40865 [Thread-13] DEBUG annotations.SimpleValueBinder  - Setting SimpleValue typeName for message_id
2014-12-04 18:21:40,269 40865 [Thread-13] DEBUG annotations.SimpleValueBinder  - Setting SimpleValue typeName for msisdn
2014-12-04 18:21:40,269 40865 [Thread-13] DEBUG annotations.SimpleValueBinder  - Setting SimpleValue typeName for operation
2014-12-04 18:21:40,269 40865 [Thread-13] DEBUG annotations.SimpleValueBinder  - Setting SimpleValue typeName for price
2014-12-04 18:21:40,269 40865 [Thread-13] DEBUG annotations.SimpleValueBinder  - Setting SimpleValue typeName for priority
2014-12-04 18:21:40,269 40865 [Thread-13] DEBUG annotations.SimpleValueBinder  - Setting SimpleValue typeName for processed
2014-12-04 18:21:40,269 40865 [Thread-13] DEBUG annotations.SimpleValueBinder  - Setting SimpleValue typeName for resp_status_code
2014-12-04 18:21:40,269 40865 [Thread-13] DEBUG annotations.SimpleValueBinder  - Setting SimpleValue typeName for retry_count
2014-12-04 18:21:40,269 40865 [Thread-13] DEBUG annotations.SimpleValueBinder  - Setting SimpleValue typeName for service_id
2014-12-04 18:21:40,269 40865 [Thread-13] DEBUG annotations.SimpleValueBinder  - Setting SimpleValue typeName for shortcode
2014-12-04 18:21:40,269 40865 [Thread-13] DEBUG annotations.SimpleValueBinder  - Setting SimpleValue typeName for success
2014-12-04 18:21:40,269 40865 [Thread-13] DEBUG annotations.SimpleValueBinder  - Setting SimpleValue typeName for timeStamp
2014-12-04 18:21:40,270 40866 [Thread-13] DEBUG annotations.SimpleValueBinder  - Setting SimpleValue typeName for tx_id
2014-12-04 18:21:40,270 40866 [Thread-13] DEBUG cfg.Configuration  - Processing fk mappings (*ToOne and JoinedSubclass)
2014-12-04 18:21:40,271 40867 [Thread-13] DEBUG cfg.Configuration  - Processing extends queue
2014-12-04 18:21:40,271 40867 [Thread-13] DEBUG cfg.Configuration  - Processing extends queue
2014-12-04 18:21:40,271 40867 [Thread-13] DEBUG cfg.Configuration  - Processing collection mappings
2014-12-04 18:21:40,272 40868 [Thread-13] DEBUG cfg.Configuration  - Processing native query and ResultSetMapping mappings
2014-12-04 18:21:40,272 40868 [Thread-13] DEBUG cfg.Configuration  - Processing association property references
2014-12-04 18:21:40,272 40868 [Thread-13] DEBUG cfg.Configuration  - Processing foreign key constraints
2014-12-04 18:21:40,285 40881 [Thread-13] INFO  internal.DriverManagerConnectionProviderImpl  - HHH000402: Using Hibernate built-in connection pool (not for production use!)
2014-12-04 18:21:40,286 40882 [Thread-13] INFO  internal.DriverManagerConnectionProviderImpl  - HHH000115: Hibernate connection pool size: 10
2014-12-04 18:21:40,286 40882 [Thread-13] INFO  internal.DriverManagerConnectionProviderImpl  - HHH000006: Autocommit mode: false
2014-12-04 18:21:40,286 40882 [Thread-13] INFO  internal.DriverManagerConnectionProviderImpl  - HHH000401: using driver [com.mysql.jdbc.Driver] at URL [jdbc:mysql://localhost:3306/pixeland_content360]
2014-12-04 18:21:40,286 40882 [Thread-13] INFO  internal.DriverManagerConnectionProviderImpl  - HHH000046: Connection properties: {user=root, password=}
2014-12-04 18:21:40,300 40896 [Thread-13] DEBUG internal.DriverManagerConnectionProviderImpl  - Opening new JDBC connection
2014-12-04 18:21:40,310 40906 [Thread-13] DEBUG internal.DriverManagerConnectionProviderImpl  - Created connection to: jdbc:mysql://localhost:3306/pixeland_content360, Isolation Level: 4
2014-12-04 18:21:40,311 40907 [Thread-13] DEBUG internal.JdbcServicesImpl  - Database ->
       name : MySQL
    version : 5.5.8
      major : 5
      minor : 5
2014-12-04 18:21:40,311 40907 [Thread-13] DEBUG internal.JdbcServicesImpl  - Driver ->
       name : MySQL-AB JDBC Driver
    version : mysql-connector-java-5.1.14 ( Revision: ${bzr.revision-id} )
      major : 5
      minor : 1
2014-12-04 18:21:40,311 40907 [Thread-13] DEBUG internal.JdbcServicesImpl  - JDBC version : 4.0
2014-12-04 18:21:40,324 40920 [Thread-13] INFO  dialect.Dialect  - HHH000400: Using dialect: org.hibernate.dialect.MySQLDialect
2014-12-04 18:21:40,342 40938 [Thread-13] DEBUG cfg.SettingsFactory  - Automatic flush during beforeCompletion(): disabled
2014-12-04 18:21:40,342 40938 [Thread-13] DEBUG cfg.SettingsFactory  - Automatic session close at end of transaction: disabled
2014-12-04 18:21:40,342 40938 [Thread-13] DEBUG cfg.SettingsFactory  - JDBC batch size: 10
2014-12-04 18:21:40,342 40938 [Thread-13] DEBUG cfg.SettingsFactory  - JDBC batch updates for versioned data: disabled
2014-12-04 18:21:40,342 40938 [Thread-13] DEBUG cfg.SettingsFactory  - Scrollable result sets: enabled
2014-12-04 18:21:40,342 40938 [Thread-13] DEBUG cfg.SettingsFactory  - Wrap result sets: disabled
2014-12-04 18:21:40,342 40938 [Thread-13] DEBUG cfg.SettingsFactory  - JDBC3 getGeneratedKeys(): enabled
2014-12-04 18:21:40,342 40938 [Thread-13] DEBUG cfg.SettingsFactory  - multi-tenancy strategy : NONE
2014-12-04 18:21:40,342 40938 [Thread-13] DEBUG cfg.SettingsFactory  - Connection release mode: auto
2014-12-04 18:21:40,342 40938 [Thread-13] INFO  internal.TransactionFactoryInitiator  - HHH000399: Using default transaction strategy (direct JDBC transactions)
2014-12-04 18:21:40,345 40941 [Thread-13] DEBUG cfg.SettingsFactory  - Maximum outer join fetch depth: 2
2014-12-04 18:21:40,345 40941 [Thread-13] DEBUG cfg.SettingsFactory  - Default batch fetch size: 1
2014-12-04 18:21:40,345 40941 [Thread-13] DEBUG cfg.SettingsFactory  - Generate SQL with comments: disabled
2014-12-04 18:21:40,345 40941 [Thread-13] DEBUG cfg.SettingsFactory  - Order SQL updates by primary key: disabled
2014-12-04 18:21:40,345 40941 [Thread-13] DEBUG cfg.SettingsFactory  - Order SQL inserts for batching: disabled
2014-12-04 18:21:40,345 40941 [Thread-13] DEBUG cfg.SettingsFactory  - Query translator: org.hibernate.hql.internal.ast.ASTQueryTranslatorFactory
2014-12-04 18:21:40,346 40942 [Thread-13] INFO  ast.ASTQueryTranslatorFactory  - HHH000397: Using ASTQueryTranslatorFactory
2014-12-04 18:21:40,346 40942 [Thread-13] DEBUG cfg.SettingsFactory  - Query language substitutions: {}
2014-12-04 18:21:40,346 40942 [Thread-13] DEBUG cfg.SettingsFactory  - JPA-QL strict compliance: disabled
2014-12-04 18:21:40,347 40943 [Thread-13] DEBUG cfg.SettingsFactory  - Second-level cache: enabled
2014-12-04 18:21:40,347 40943 [Thread-13] DEBUG cfg.SettingsFactory  - Query cache: disabled
2014-12-04 18:21:40,347 40943 [Thread-13] DEBUG cfg.SettingsFactory  - Cache region factory : org.hibernate.cache.internal.NoCachingRegionFactory
2014-12-04 18:21:40,347 40943 [Thread-13] DEBUG cfg.SettingsFactory  - org.hibernate.cache.internal.NoCachingRegionFactory did not provide constructor accepting java.util.Properties; attempting no-arg constructor.
2014-12-04 18:21:40,348 40944 [Thread-13] DEBUG cfg.SettingsFactory  - Optimize cache for minimal puts: disabled
2014-12-04 18:21:40,348 40944 [Thread-13] DEBUG cfg.SettingsFactory  - Structured second-level cache entries: disabled
2014-12-04 18:21:40,348 40944 [Thread-13] DEBUG cfg.SettingsFactory  - Statistics: disabled
2014-12-04 18:21:40,348 40944 [Thread-13] DEBUG cfg.SettingsFactory  - Deleted entity synthetic identifier rollback: disabled
2014-12-04 18:21:40,348 40944 [Thread-13] DEBUG cfg.SettingsFactory  - Default entity-mode: pojo
2014-12-04 18:21:40,348 40944 [Thread-13] DEBUG cfg.SettingsFactory  - Named query checking : enabled
2014-12-04 18:21:40,348 40944 [Thread-13] DEBUG cfg.SettingsFactory  - Check Nullability in Core (should be disabled when Bean Validation is on): enabled
2014-12-04 18:21:40,357 40953 [Thread-13] DEBUG internal.SessionFactoryImpl  - Building session factory
2014-12-04 18:21:40,368 40964 [Thread-13] DEBUG internal.SessionFactoryImpl  - Session factory constructed with filter configurations : {}
2014-12-04 18:21:40,368 40964 [Thread-13] DEBUG internal.SessionFactoryImpl  - Instantiating session factory with properties: {java.vendor=Oracle Corporation, show_sql=false, sun.java.launcher=SUN_STANDARD, hibernate.connection.url=jdbc:mysql://localhost:3306/pixeland_content360, sun.management.compiler=HotSpot 64-Bit Tiered Compilers, use_sql_comments=false, os.name=Windows 8.1, sun.boot.class.path=C:\Program Files\Java\jdk1.7.0_67\jre\lib\resources.jar;C:\Program Files\Java\jdk1.7.0_67\jre\lib\rt.jar;C:\Program Files\Java\jdk1.7.0_67\jre\lib\sunrsasign.jar;C:\Program Files\Java\jdk1.7.0_67\jre\lib\jsse.jar;C:\Program Files\Java\jdk1.7.0_67\jre\lib\jce.jar;C:\Program Files\Java\jdk1.7.0_67\jre\lib\charsets.jar;C:\Program Files\Java\jdk1.7.0_67\jre\lib\jfr.jar;C:\Program Files\Java\jdk1.7.0_67\jre\classes, hibernate.current_session_context_class=thread, generate_statistics=false, sun.desktop=windows, java.vm.specification.vendor=Oracle Corporation, hibernate.generate_statistics=false, java.runtime.version=1.7.0_67-b01, hibernate.cache.provider_class=org.hibernate.cache.NoCacheProvider, user.name=timothy, current_session_context_class=thread, user.language=en, sun.boot.library.path=C:\Program Files\Java\jdk1.7.0_67\jre\bin, dialect=org.hibernate.dialect.MySQLDialect, java.version=1.7.0_67, user.timezone=Africa/Nairobi, sun.arch.data.model=64, java.endorsed.dirs=C:\Program Files\Java\jdk1.7.0_67\jre\lib\endorsed, sun.cpu.isalist=amd64, sun.jnu.encoding=Cp1252, file.encoding.pkg=sun.io, file.separator=\, java.specification.name=Java Platform API Specification, java.class.version=51.0, user.country=US, connection.url=jdbc:mysql://localhost:3306/pixeland_content360, java.home=C:\Program Files\Java\jdk1.7.0_67\jre, java.vm.info=mixed mode, os.version=6.3, path.separator=;, connection.password=, java.vm.version=24.65-b04, hibernate.connection.password=, user.variant=, hibernate.jdbc.batch_size=10, java.awt.printerjob=sun.awt.windows.WPrinterJob, sun.io.unicode.encoding=UnicodeLittle, awt.toolkit=sun.awt.windows.WToolkit, hibernate.connection.username=root, user.script=, user.home=C:\Users\timothy, java.specification.vendor=Oracle Corporation, java.library.path=C:\Program Files\Java\jdk1.7.0_67\bin;C:\WINDOWS\Sun\Java\bin;C:\WINDOWS\system32;C:\WINDOWS;C:/Program Files/Java/jre8/bin/server;C:/Program Files/Java/jre8/bin;C:/Program Files/Java/jre8/lib/amd64;C:\Program Files (x86)\NVIDIA Corporation\PhysX\Common;H:\Software\oracle\INSTALLATION_FOLDER\app\oracle\product\11.2.0\server\bin;;C:\Program Files (x86)\Intel\iCLS Client\;C:\Program Files\Intel\iCLS Client\;C:\WINDOWS\system32;C:\WINDOWS;C:\WINDOWS\System32\Wbem;C:\WINDOWS\System32\WindowsPowerShell\v1.0\;C:\Program Files (x86)\Windows Live\Shared;C:\Program Files (x86)\Intel\OpenCL SDK\2.0\bin\x86;C:\Program Files (x86)\Intel\OpenCL SDK\2.0\bin\x64;C:\Program Files\Intel\Intel(R) Management Engine Components\DAL;C:\Program Files\Intel\Intel(R) Management Engine Components\IPT;C:\Program Files (x86)\Intel\Intel(R) Management Engine Components\DAL;C:\Program Files (x86)\Intel\Intel(R) Management Engine Components\IPT;C:\Program Files\Diskeeper Corporation\ExpressCache\;C:\Program Files\Java\jdk1.7.0_67\bin;C:\Program Files\MySQL\MySQL Server 5.5\bin;H:\Software\SOFTWARE\software_64\apache-ant-1.8.2-bin\apache-ant-1.8.2\bin;H:\Software\Adempiere_370LTS\Adempiere\bin;C:\Program Files\PostgreSQL\9.3\bin;C:\Program Files (x86)\Subversion\bin;H:\INSTALLED_SOFTWARE\jboss-7.2.0.Final\bin;H:\INSTALLED_SOFTWARE\apache-maven-3.2.1-bin\bin;C:\Program Files (x86)\Git\cmd;H:\Software\jd-gui-0.3.3.windows\jd-gui.exe;C:\Program Files (x86)\SecuGen\FDx SDK Pro for Windows\bin\x64;F:\Projects\Systech\systechBiometrics\secugen\x64\;C:\Program Files\Microsoft SQL Server\110\DTS\Binn\;C:\Program Files (x86)\Microsoft SQL Server\110\Tools\Binn\;C:\Program Files\Microsoft SQL Server\110\Tools\Binn\;C:\Program Files (x86)\Microsoft SQL Server\110\Tools\Binn\ManagementStudio\;C:\Program Files (x86)\Microsoft Visual Studio 10.0\Common7\IDE\PrivateAssemblies\;C:\Program Files (x86)\Microsoft SQL Server\110\DTS\Binn\;C:\Program Files (x86)\IBM\TeamConcertBuild\buildsystem\buildengine\eclipse\;C:\Program Files (x86)\Nmap;;H:\INSTALLED_SOFTWARE\eclipse-jee-luna-R-win32-x86_64;;., java.vendor.url=http://java.oracle.com/, hibernate.connection.driver_class=com.mysql.jdbc.Driver, connection.username=root, java.vm.vendor=Oracle Corporation, hibernate.dialect=org.hibernate.dialect.MySQLDialect, java.runtime.name=Java(TM) SE Runtime Environment, sun.java.command=com.pixelandtag.sms.application.HTTPMTSenderApp, java.class.path=F:\Projects\Systech\cmp\target\classes;C:\Users\timothy\.m2\repository\com\google\code\gson\gson\2.2.4\gson-2.2.4.jar;C:\Users\timothy\.m2\repository\commons-lang\commons-lang\2.3\commons-lang-2.3.jar;C:\Users\timothy\.m2\repository\org\hibernate\hibernate-core\4.1.7.Final\hibernate-core-4.1.7.Final.jar;C:\Users\timothy\.m2\repository\org\jboss\logging\jboss-logging\3.1.0.GA\jboss-logging-3.1.0.GA.jar;C:\Users\timothy\.m2\repository\org\jboss\spec\javax\transaction\jboss-transaction-api_1.1_spec\1.0.0.Final\jboss-transaction-api_1.1_spec-1.0.0.Final.jar;C:\Users\timothy\.m2\repository\org\javassist\javassist\3.15.0-GA\javassist-3.15.0-GA.jar;C:\Users\timothy\.m2\repository\org\hibernate\common\hibernate-commons-annotations\4.0.1.Final\hibernate-commons-annotations-4.0.1.Final.jar;C:\Users\timothy\.m2\repository\mysql\mysql-connector-java\5.1.14\mysql-connector-java-5.1.14.jar;C:\Users\timothy\.m2\repository\log4j\log4j\1.2.16\log4j-1.2.16.jar;C:\Users\timothy\.m2\repository\org\slf4j\jcl-over-slf4j\1.5.11\jcl-over-slf4j-1.5.11.jar;C:\Users\timothy\.m2\repository\org\slf4j\slf4j-api\1.5.11\slf4j-api-1.5.11.jar;C:\Users\timothy\.m2\repository\commons-beanutils\commons-beanutils\1.8.0\commons-beanutils-1.8.0.jar;C:\Users\timothy\.m2\repository\antlr\antlr\2.7.6\antlr-2.7.6.jar;C:\Users\timothy\.m2\repository\org\hibernate\hibernate-tools\3.2.0.ga\hibernate-tools-3.2.0.ga.jar;C:\Users\timothy\.m2\repository\org\beanshell\bsh\2.0b4\bsh-2.0b4.jar;C:\Users\timothy\.m2\repository\freemarker\freemarker\2.3.8\freemarker-2.3.8.jar;C:\Users\timothy\.m2\repository\org\hibernate\jtidy\r8-20060801\jtidy-r8-20060801.jar;C:\Users\timothy\.m2\repository\org\hibernate\hibernate-annotations\3.2.0.ga\hibernate-annotations-3.2.0.ga.jar;C:\Users\timothy\.m2\repository\javax\persistence\persistence-api\1.0\persistence-api-1.0.jar;C:\Users\timothy\.m2\repository\dom4j\dom4j\1.5.1\dom4j-1.5.1.jar;C:\Users\timothy\.m2\repository\jaxme\jaxme-api\0.3\jaxme-api-0.3.jar;C:\Users\timothy\.m2\repository\jaxen\jaxen\1.1-beta-4\jaxen-1.1-beta-4.jar;C:\Users\timothy\.m2\repository\jdom\jdom\b10\jdom-b10.jar;C:\Users\timothy\.m2\repository\xerces\xmlParserAPIs\2.6.2\xmlParserAPIs-2.6.2.jar;C:\Users\timothy\.m2\repository\xerces\xercesImpl\2.6.2\xercesImpl-2.6.2.jar;C:\Users\timothy\.m2\repository\xom\xom\1.0b3\xom-1.0b3.jar;C:\Users\timothy\.m2\repository\com\ibm\icu\icu4j\2.6.1\icu4j-2.6.1.jar;C:\Users\timothy\.m2\repository\xalan\xalan\2.6.0\xalan-2.6.0.jar;C:\Users\timothy\.m2\repository\org\ccil\cowan\tagsoup\tagsoup\0.9.7\tagsoup-0.9.7.jar;C:\Users\timothy\.m2\repository\msv\xsdlib\20030807\xsdlib-20030807.jar;C:\Users\timothy\.m2\repository\msv\relaxngDatatype\20030807\relaxngDatatype-20030807.jar;C:\Users\timothy\.m2\repository\pull-parser\pull-parser\2\pull-parser-2.jar;C:\Users\timothy\.m2\repository\xpp3\xpp3\1.1.3.3\xpp3-1.1.3.3.jar;C:\Users\timothy\.m2\repository\stax\stax\1.0\stax-1.0.jar;C:\Users\timothy\.m2\repository\xml-apis\xml-apis\1.0.b2\xml-apis-1.0.b2.jar;C:\Users\timothy\.m2\repository\org\hibernate\javax\persistence\hibernate-jpa-2.0-api\1.0.0.Final\hibernate-jpa-2.0-api-1.0.0.Final.jar;C:\Users\timothy\.m2\repository\org\hibernate\hibernate\3.2.4.sp1\hibernate-3.2.4.sp1.jar;C:\Users\timothy\.m2\repository\net\sf\ehcache\ehcache\1.2.3\ehcache-1.2.3.jar;C:\Users\timothy\.m2\repository\asm\asm-attrs\1.5.3\asm-attrs-1.5.3.jar;C:\Users\timothy\.m2\repository\cglib\cglib\2.1_3\cglib-2.1_3.jar;C:\Users\timothy\.m2\repository\asm\asm\1.5.3\asm-1.5.3.jar;C:\Users\timothy\.m2\repository\commons-collections\commons-collections\2.1.1\commons-collections-2.1.1.jar;C:\Users\timothy\.m2\repository\commons-logging\commons-logging\1.1.1\commons-logging-1.1.1.jar;C:\Users\timothy\.m2\repository\org\freemarker\freemarker\2.3.16\freemarker-2.3.16.jar;C:\Users\timothy\.m2\repository\displaytag\displaytag\1.2\displaytag-1.2.jar;C:\Users\timothy\.m2\repository\com\lowagie\itext\1.3\itext-1.3.jar;C:\Users\timothy\.m2\repository\org\slf4j\slf4j-log4j12\1.4.2\slf4j-log4j12-1.4.2.jar;C:\Users\timothy\.m2\repository\taglibs\standard\1.1.2\standard-1.1.2.jar;C:\Users\timothy\.m2\repository\javax\ejb\ejb-api\3.0-alpha-1\ejb-api-3.0-alpha-1.jar;C:\Users\timothy\.m2\repository\javax\transaction\transaction-api\1.1\transaction-api-1.1.jar;C:\Users\timothy\.m2\repository\javax\xml\jaxrpc-api\1.1\jaxrpc-api-1.1.jar;C:\Users\timothy\.m2\repository\net\sourceforge\stripes\stripes\1.5.8\stripes-1.5.8.jar;C:\Users\timothy\.m2\repository\org\json\json\20090211\json-20090211.jar;C:\Users\timothy\.m2\repository\com\timothy\loancalculator\loan_calculator_shared\1.0.0\loan_calculator_shared-1.0.0.jar;C:\Users\timothy\.m2\repository\javax\transaction\jta\1.1\jta-1.1.jar;C:\Users\timothy\.m2\repository\javax\servlet\jstl\1.2\jstl-1.2.jar;C:\Users\timothy\.m2\repository\javax\mail\mail\1.4\mail-1.4.jar;C:\Users\timothy\.m2\repository\javax\activation\activation\1.1\activation-1.1.jar;C:\Users\timothy\.m2\repository\org\eclipse\persistence\javax.persistence\2.0.0\javax.persistence-2.0.0.jar;C:\Users\timothy\.m2\repository\org\jboss\resteasy\resteasy-jaxrs\2.2.1.GA\resteasy-jaxrs-2.2.1.GA.jar;C:\Users\timothy\.m2\repository\org\jboss\resteasy\jaxrs-api\2.2.1.GA\jaxrs-api-2.2.1.GA.jar;C:\Users\timothy\.m2\repository\org\scannotation\scannotation\1.0.3\scannotation-1.0.3.jar;C:\Users\timothy\.m2\repository\javassist\javassist\3.12.1.GA\javassist-3.12.1.GA.jar;C:\Users\timothy\.m2\repository\javax\annotation\jsr250-api\1.0\jsr250-api-1.0.jar;C:\Users\timothy\.m2\repository\commons-httpclient\commons-httpclient\3.1\commons-httpclient-3.1.jar;C:\Users\timothy\.m2\repository\net\jcip\jcip-annotations\1.0\jcip-annotations-1.0.jar;F:\Projects\Systech\cmp\lib\ibx.jar;F:\Projects\Systech\cmp\lib\stripes-security-1.4.2.jar;F:\Projects\Systech\cmp\lib\stripersist-1.0.jar;F:\Projects\Systech\cmp\lib\secureTag.jar;F:\Projects\Systech\cmp\lib\lucky_dip.jar;F:\Projects\Systech\cmp\lib\utillib.jar;C:\Users\timothy\.m2\repository\javax\servlet\servlet-api\2.5\servlet-api-2.5.jar;C:\Users\timothy\.m2\repository\org\apache\poi\poi\3.7\poi-3.7.jar;C:\Users\timothy\.m2\repository\net\snaq\dbpool\5.0\dbpool-5.0.jar;C:\Users\timothy\.m2\repository\org\apache\commons\commons-email\1.1\commons-email-1.1.jar;C:\Users\timothy\.m2\repository\commons-codec\commons-codec\1.4\commons-codec-1.4.jar;C:\Users\timothy\.m2\repository\org\apache\httpcomponents\httpmime\4.1.3\httpmime-4.1.3.jar;C:\Users\timothy\.m2\repository\org\apache\httpcomponents\httpcore\4.1.4\httpcore-4.1.4.jar;C:\Users\timothy\.m2\repository\org\apache\httpcomponents\httpclient\4.1.3\httpclient-4.1.3.jar;C:\Users\timothy\.m2\repository\org\stripesstuff\stripesstuff\0.4.0\stripesstuff-0.4.0.jar, hibernate.bytecode.use_reflection_optimizer=false, java.vm.specification.name=Java Virtual Machine Specification, java.vm.specification.version=1.7, sun.cpu.endian=little, sun.os.patch.level=, connection.pool_size=10, java.io.tmpdir=C:\Users\timothy\AppData\Local\Temp\, java.vendor.url.bug=http://bugreport.sun.com/bugreport/, os.arch=amd64, java.awt.graphicsenv=sun.awt.Win32GraphicsEnvironment, java.ext.dirs=C:\Program Files\Java\jdk1.7.0_67\jre\lib\ext;C:\WINDOWS\Sun\Java\lib\ext, hibernate.use_sql_comments=false, user.dir=F:\Projects\Systech\cmp, line.separator=
, java.vm.name=Java HotSpot(TM) 64-Bit Server VM, cache.provider_class=org.hibernate.cache.NoCacheProvider, file.encoding=UTF-8, java.specification.version=1.7, hibernate.connection.pool_size=10, hibernate.show_sql=false}
2014-12-04 18:21:40,378 40974 [Thread-13] DEBUG internal.DefaultIdentifierGeneratorFactory  - Setting dialect [org.hibernate.dialect.MySQLDialect]
2014-12-04 18:21:40,477 41073 [Thread-13] DEBUG entity.AbstractEntityPersister  - Static SQL for entity: com.pixelandtag.sms.producerthreads.Billable
2014-12-04 18:21:40,477 41073 [Thread-13] DEBUG entity.AbstractEntityPersister  -  Version select: select id from billable_queue where id =?
2014-12-04 18:21:40,477 41073 [Thread-13] DEBUG entity.AbstractEntityPersister  -  Snapshot select: select billable_.id, billable_.cp_id as cp2_0_, billable_.cp_tx_id as cp3_0_, billable_.discount_applied as discount4_0_, billable_.event_type as event5_0_, billable_.in_outgoing_queue as in6_0_, billable_.keyword as keyword0_, billable_.maxRetriesAllowed as maxRetri8_0_, billable_.message_id as message9_0_, billable_.msisdn as msisdn0_, billable_.operation as operation0_, billable_.price as price0_, billable_.priority as priority0_, billable_.processed as processed0_, billable_.resp_status_code as resp15_0_, billable_.retry_count as retry16_0_, billable_.service_id as service17_0_, billable_.shortcode as shortcode0_, billable_.success as success0_, billable_.tx_id as tx21_0_ from billable_queue billable_ where billable_.id=?
2014-12-04 18:21:40,478 41074 [Thread-13] DEBUG entity.AbstractEntityPersister  -  Insert 0: insert into billable_queue (cp_id, cp_tx_id, discount_applied, event_type, in_outgoing_queue, keyword, maxRetriesAllowed, message_id, msisdn, operation, price, priority, processed, resp_status_code, retry_count, service_id, shortcode, success, tx_id, id) values (?, ?, ?, ?, ?, ?, ?, ?, ?, ?, ?, ?, ?, ?, ?, ?, ?, ?, ?, ?)
2014-12-04 18:21:40,478 41074 [Thread-13] DEBUG entity.AbstractEntityPersister  -  Update 0: update billable_queue set cp_id=?, cp_tx_id=?, discount_applied=?, event_type=?, in_outgoing_queue=?, keyword=?, maxRetriesAllowed=?, message_id=?, msisdn=?, operation=?, price=?, priority=?, processed=?, resp_status_code=?, retry_count=?, service_id=?, shortcode=?, success=?, tx_id=? where id=?
2014-12-04 18:21:40,478 41074 [Thread-13] DEBUG entity.AbstractEntityPersister  -  Delete 0: delete from billable_queue where id=?
2014-12-04 18:21:40,491 41087 [Thread-13] DEBUG loader.Loader  - Static select for entity com.pixelandtag.sms.producerthreads.Billable [NONE]: select billable0_.id as id0_0_, billable0_.cp_id as cp2_0_0_, billable0_.cp_tx_id as cp3_0_0_, billable0_.discount_applied as discount4_0_0_, billable0_.event_type as event5_0_0_, billable0_.in_outgoing_queue as in6_0_0_, billable0_.keyword as keyword0_0_, billable0_.maxRetriesAllowed as maxRetri8_0_0_, billable0_.message_id as message9_0_0_, billable0_.msisdn as msisdn0_0_, billable0_.operation as operation0_0_, billable0_.price as price0_0_, billable0_.priority as priority0_0_, billable0_.processed as processed0_0_, billable0_.resp_status_code as resp15_0_0_, billable0_.retry_count as retry16_0_0_, billable0_.service_id as service17_0_0_, billable0_.shortcode as shortcode0_0_, billable0_.success as success0_0_, billable0_.timeStamp as timeStamp0_0_, billable0_.tx_id as tx21_0_0_ from billable_queue billable0_ where billable0_.id=?
2014-12-04 18:21:40,492 41088 [Thread-13] DEBUG loader.Loader  - Static select for entity com.pixelandtag.sms.producerthreads.Billable [READ]: select billable0_.id as id0_0_, billable0_.cp_id as cp2_0_0_, billable0_.cp_tx_id as cp3_0_0_, billable0_.discount_applied as discount4_0_0_, billable0_.event_type as event5_0_0_, billable0_.in_outgoing_queue as in6_0_0_, billable0_.keyword as keyword0_0_, billable0_.maxRetriesAllowed as maxRetri8_0_0_, billable0_.message_id as message9_0_0_, billable0_.msisdn as msisdn0_0_, billable0_.operation as operation0_0_, billable0_.price as price0_0_, billable0_.priority as priority0_0_, billable0_.processed as processed0_0_, billable0_.resp_status_code as resp15_0_0_, billable0_.retry_count as retry16_0_0_, billable0_.service_id as service17_0_0_, billable0_.shortcode as shortcode0_0_, billable0_.success as success0_0_, billable0_.timeStamp as timeStamp0_0_, billable0_.tx_id as tx21_0_0_ from billable_queue billable0_ where billable0_.id=?
2014-12-04 18:21:40,492 41088 [Thread-13] DEBUG loader.Loader  - Static select for entity com.pixelandtag.sms.producerthreads.Billable [UPGRADE]: select billable0_.id as id0_0_, billable0_.cp_id as cp2_0_0_, billable0_.cp_tx_id as cp3_0_0_, billable0_.discount_applied as discount4_0_0_, billable0_.event_type as event5_0_0_, billable0_.in_outgoing_queue as in6_0_0_, billable0_.keyword as keyword0_0_, billable0_.maxRetriesAllowed as maxRetri8_0_0_, billable0_.message_id as message9_0_0_, billable0_.msisdn as msisdn0_0_, billable0_.operation as operation0_0_, billable0_.price as price0_0_, billable0_.priority as priority0_0_, billable0_.processed as processed0_0_, billable0_.resp_status_code as resp15_0_0_, billable0_.retry_count as retry16_0_0_, billable0_.service_id as service17_0_0_, billable0_.shortcode as shortcode0_0_, billable0_.success as success0_0_, billable0_.timeStamp as timeStamp0_0_, billable0_.tx_id as tx21_0_0_ from billable_queue billable0_ where billable0_.id=? for update
2014-12-04 18:21:40,493 41089 [Thread-13] DEBUG loader.Loader  - Static select for entity com.pixelandtag.sms.producerthreads.Billable [UPGRADE_NOWAIT]: select billable0_.id as id0_0_, billable0_.cp_id as cp2_0_0_, billable0_.cp_tx_id as cp3_0_0_, billable0_.discount_applied as discount4_0_0_, billable0_.event_type as event5_0_0_, billable0_.in_outgoing_queue as in6_0_0_, billable0_.keyword as keyword0_0_, billable0_.maxRetriesAllowed as maxRetri8_0_0_, billable0_.message_id as message9_0_0_, billable0_.msisdn as msisdn0_0_, billable0_.operation as operation0_0_, billable0_.price as price0_0_, billable0_.priority as priority0_0_, billable0_.processed as processed0_0_, billable0_.resp_status_code as resp15_0_0_, billable0_.retry_count as retry16_0_0_, billable0_.service_id as service17_0_0_, billable0_.shortcode as shortcode0_0_, billable0_.success as success0_0_, billable0_.timeStamp as timeStamp0_0_, billable0_.tx_id as tx21_0_0_ from billable_queue billable0_ where billable0_.id=? for update
2014-12-04 18:21:40,493 41089 [Thread-13] DEBUG loader.Loader  - Static select for entity com.pixelandtag.sms.producerthreads.Billable [FORCE]: select billable0_.id as id0_0_, billable0_.cp_id as cp2_0_0_, billable0_.cp_tx_id as cp3_0_0_, billable0_.discount_applied as discount4_0_0_, billable0_.event_type as event5_0_0_, billable0_.in_outgoing_queue as in6_0_0_, billable0_.keyword as keyword0_0_, billable0_.maxRetriesAllowed as maxRetri8_0_0_, billable0_.message_id as message9_0_0_, billable0_.msisdn as msisdn0_0_, billable0_.operation as operation0_0_, billable0_.price as price0_0_, billable0_.priority as priority0_0_, billable0_.processed as processed0_0_, billable0_.resp_status_code as resp15_0_0_, billable0_.retry_count as retry16_0_0_, billable0_.service_id as service17_0_0_, billable0_.shortcode as shortcode0_0_, billable0_.success as success0_0_, billable0_.timeStamp as timeStamp0_0_, billable0_.tx_id as tx21_0_0_ from billable_queue billable0_ where billable0_.id=? for update
2014-12-04 18:21:40,493 41089 [Thread-13] DEBUG loader.Loader  - Static select for entity com.pixelandtag.sms.producerthreads.Billable [PESSIMISTIC_READ]: select billable0_.id as id0_0_, billable0_.cp_id as cp2_0_0_, billable0_.cp_tx_id as cp3_0_0_, billable0_.discount_applied as discount4_0_0_, billable0_.event_type as event5_0_0_, billable0_.in_outgoing_queue as in6_0_0_, billable0_.keyword as keyword0_0_, billable0_.maxRetriesAllowed as maxRetri8_0_0_, billable0_.message_id as message9_0_0_, billable0_.msisdn as msisdn0_0_, billable0_.operation as operation0_0_, billable0_.price as price0_0_, billable0_.priority as priority0_0_, billable0_.processed as processed0_0_, billable0_.resp_status_code as resp15_0_0_, billable0_.retry_count as retry16_0_0_, billable0_.service_id as service17_0_0_, billable0_.shortcode as shortcode0_0_, billable0_.success as success0_0_, billable0_.timeStamp as timeStamp0_0_, billable0_.tx_id as tx21_0_0_ from billable_queue billable0_ where billable0_.id=? lock in share mode
2014-12-04 18:21:40,494 41090 [Thread-13] DEBUG loader.Loader  - Static select for entity com.pixelandtag.sms.producerthreads.Billable [PESSIMISTIC_WRITE]: select billable0_.id as id0_0_, billable0_.cp_id as cp2_0_0_, billable0_.cp_tx_id as cp3_0_0_, billable0_.discount_applied as discount4_0_0_, billable0_.event_type as event5_0_0_, billable0_.in_outgoing_queue as in6_0_0_, billable0_.keyword as keyword0_0_, billable0_.maxRetriesAllowed as maxRetri8_0_0_, billable0_.message_id as message9_0_0_, billable0_.msisdn as msisdn0_0_, billable0_.operation as operation0_0_, billable0_.price as price0_0_, billable0_.priority as priority0_0_, billable0_.processed as processed0_0_, billable0_.resp_status_code as resp15_0_0_, billable0_.retry_count as retry16_0_0_, billable0_.service_id as service17_0_0_, billable0_.shortcode as shortcode0_0_, billable0_.success as success0_0_, billable0_.timeStamp as timeStamp0_0_, billable0_.tx_id as tx21_0_0_ from billable_queue billable0_ where billable0_.id=? for update
2014-12-04 18:21:40,494 41090 [Thread-13] DEBUG loader.Loader  - Static select for entity com.pixelandtag.sms.producerthreads.Billable [PESSIMISTIC_FORCE_INCREMENT]: select billable0_.id as id0_0_, billable0_.cp_id as cp2_0_0_, billable0_.cp_tx_id as cp3_0_0_, billable0_.discount_applied as discount4_0_0_, billable0_.event_type as event5_0_0_, billable0_.in_outgoing_queue as in6_0_0_, billable0_.keyword as keyword0_0_, billable0_.maxRetriesAllowed as maxRetri8_0_0_, billable0_.message_id as message9_0_0_, billable0_.msisdn as msisdn0_0_, billable0_.operation as operation0_0_, billable0_.price as price0_0_, billable0_.priority as priority0_0_, billable0_.processed as processed0_0_, billable0_.resp_status_code as resp15_0_0_, billable0_.retry_count as retry16_0_0_, billable0_.service_id as service17_0_0_, billable0_.shortcode as shortcode0_0_, billable0_.success as success0_0_, billable0_.timeStamp as timeStamp0_0_, billable0_.tx_id as tx21_0_0_ from billable_queue billable0_ where billable0_.id=? for update
2014-12-04 18:21:40,495 41091 [Thread-13] DEBUG loader.Loader  - Static select for entity com.pixelandtag.sms.producerthreads.Billable [OPTIMISTIC]: select billable0_.id as id0_0_, billable0_.cp_id as cp2_0_0_, billable0_.cp_tx_id as cp3_0_0_, billable0_.discount_applied as discount4_0_0_, billable0_.event_type as event5_0_0_, billable0_.in_outgoing_queue as in6_0_0_, billable0_.keyword as keyword0_0_, billable0_.maxRetriesAllowed as maxRetri8_0_0_, billable0_.message_id as message9_0_0_, billable0_.msisdn as msisdn0_0_, billable0_.operation as operation0_0_, billable0_.price as price0_0_, billable0_.priority as priority0_0_, billable0_.processed as processed0_0_, billable0_.resp_status_code as resp15_0_0_, billable0_.retry_count as retry16_0_0_, billable0_.service_id as service17_0_0_, billable0_.shortcode as shortcode0_0_, billable0_.success as success0_0_, billable0_.timeStamp as timeStamp0_0_, billable0_.tx_id as tx21_0_0_ from billable_queue billable0_ where billable0_.id=?
2014-12-04 18:21:40,495 41091 [Thread-13] DEBUG loader.Loader  - Static select for entity com.pixelandtag.sms.producerthreads.Billable [OPTIMISTIC_FORCE_INCREMENT]: select billable0_.id as id0_0_, billable0_.cp_id as cp2_0_0_, billable0_.cp_tx_id as cp3_0_0_, billable0_.discount_applied as discount4_0_0_, billable0_.event_type as event5_0_0_, billable0_.in_outgoing_queue as in6_0_0_, billable0_.keyword as keyword0_0_, billable0_.maxRetriesAllowed as maxRetri8_0_0_, billable0_.message_id as message9_0_0_, billable0_.msisdn as msisdn0_0_, billable0_.operation as operation0_0_, billable0_.price as price0_0_, billable0_.priority as priority0_0_, billable0_.processed as processed0_0_, billable0_.resp_status_code as resp15_0_0_, billable0_.retry_count as retry16_0_0_, billable0_.service_id as service17_0_0_, billable0_.shortcode as shortcode0_0_, billable0_.success as success0_0_, billable0_.timeStamp as timeStamp0_0_, billable0_.tx_id as tx21_0_0_ from billable_queue billable0_ where billable0_.id=?
2014-12-04 18:21:40,502 41098 [Thread-13] DEBUG loader.Loader  - Static select for action ACTION_MERGE on entity com.pixelandtag.sms.producerthreads.Billable: select billable0_.id as id0_0_, billable0_.cp_id as cp2_0_0_, billable0_.cp_tx_id as cp3_0_0_, billable0_.discount_applied as discount4_0_0_, billable0_.event_type as event5_0_0_, billable0_.in_outgoing_queue as in6_0_0_, billable0_.keyword as keyword0_0_, billable0_.maxRetriesAllowed as maxRetri8_0_0_, billable0_.message_id as message9_0_0_, billable0_.msisdn as msisdn0_0_, billable0_.operation as operation0_0_, billable0_.price as price0_0_, billable0_.priority as priority0_0_, billable0_.processed as processed0_0_, billable0_.resp_status_code as resp15_0_0_, billable0_.retry_count as retry16_0_0_, billable0_.service_id as service17_0_0_, billable0_.shortcode as shortcode0_0_, billable0_.success as success0_0_, billable0_.timeStamp as timeStamp0_0_, billable0_.tx_id as tx21_0_0_ from billable_queue billable0_ where billable0_.id=?
2014-12-04 18:21:40,503 41099 [Thread-13] DEBUG loader.Loader  - Static select for action ACTION_REFRESH on entity com.pixelandtag.sms.producerthreads.Billable: select billable0_.id as id0_0_, billable0_.cp_id as cp2_0_0_, billable0_.cp_tx_id as cp3_0_0_, billable0_.discount_applied as discount4_0_0_, billable0_.event_type as event5_0_0_, billable0_.in_outgoing_queue as in6_0_0_, billable0_.keyword as keyword0_0_, billable0_.maxRetriesAllowed as maxRetri8_0_0_, billable0_.message_id as message9_0_0_, billable0_.msisdn as msisdn0_0_, billable0_.operation as operation0_0_, billable0_.price as price0_0_, billable0_.priority as priority0_0_, billable0_.processed as processed0_0_, billable0_.resp_status_code as resp15_0_0_, billable0_.retry_count as retry16_0_0_, billable0_.service_id as service17_0_0_, billable0_.shortcode as shortcode0_0_, billable0_.success as success0_0_, billable0_.timeStamp as timeStamp0_0_, billable0_.tx_id as tx21_0_0_ from billable_queue billable0_ where billable0_.id=?
2014-12-04 18:21:40,505 41101 [Thread-13] DEBUG internal.SessionFactoryRegistry  - Initializing SessionFactoryRegistry : org.hibernate.internal.SessionFactoryRegistry@7c9c6aa5
2014-12-04 18:21:40,507 41103 [Thread-13] DEBUG internal.SessionFactoryRegistry  - Registering SessionFactory: 144fdd8c-cc51-43bd-83b6-4a0851297837 (<unnamed>)
2014-12-04 18:21:40,507 41103 [Thread-13] DEBUG internal.SessionFactoryRegistry  - Not binding SessionFactory to JNDI, no JNDI name configured
2014-12-04 18:21:40,507 41103 [Thread-13] DEBUG internal.SessionFactoryImpl  - Instantiated session factory
2014-12-04 18:21:40,510 41106 [Thread-13] DEBUG internal.SessionFactoryImpl  - Checking 0 named HQL queries
2014-12-04 18:21:40,511 41107 [Thread-13] DEBUG internal.SessionFactoryImpl  - Checking 0 named SQL queries
2014-12-04 18:21:40,517 41113 [Thread-13] DEBUG internal.StatisticsInitiator  - Statistics initialized [enabled=false]
2014-12-04 18:21:40,554 41150 [Thread-13] DEBUG internal.SessionImpl  - Opened session at timestamp: 14177065005
2014-12-04 18:21:40,585 41181 [Thread-13] DEBUG ast.QueryTranslatorImpl  - parse() - HQL: from com.pixelandtag.sms.producerthreads.Billable WHERE cp_tx_id =:cp_tx_id 
2014-12-04 18:21:40,592 41188 [Thread-13] DEBUG ast.QueryTranslatorImpl  - --- HQL AST ---
 \-[QUERY] Node: 'query'
    +-[SELECT_FROM] Node: 'SELECT_FROM'
    |  \-[FROM] Node: 'from'
    |     \-[RANGE] Node: 'RANGE'
    |        \-[DOT] Node: '.'
    |           +-[DOT] Node: '.'
    |           |  +-[DOT] Node: '.'
    |           |  |  +-[DOT] Node: '.'
    |           |  |  |  +-[IDENT] Node: 'com'
    |           |  |  |  \-[IDENT] Node: 'pixelandtag'
    |           |  |  \-[IDENT] Node: 'sms'
    |           |  \-[IDENT] Node: 'producerthreads'
    |           \-[IDENT] Node: 'Billable'
    \-[WHERE] Node: 'WHERE'
       \-[EQ] Node: '='
          +-[IDENT] Node: 'cp_tx_id'
          \-[COLON] Node: ':'
             \-[IDENT] Node: 'cp_tx_id'

2014-12-04 18:21:40,592 41188 [Thread-13] DEBUG ast.ErrorCounter  - throwQueryException() : no errors
2014-12-04 18:21:40,620 41216 [Thread-13] DEBUG antlr.HqlSqlBaseWalker  - select << begin [level=1, statement=select]
2014-12-04 18:21:40,641 41237 [Thread-13] DEBUG tree.FromElement  - FromClause{level=1} : com.pixelandtag.sms.producerthreads.Billable (<no alias>) -> billable0_
2014-12-04 18:21:40,645 41241 [Thread-13] DEBUG tree.FromReferenceNode  - Resolved : {synthetic-alias} -> {synthetic-alias}
2014-12-04 18:21:40,646 41242 [Thread-13] DEBUG tree.DotNode  - getDataType() : cp_tx_id -> org.hibernate.type.LongType@24e6fbeb
2014-12-04 18:21:40,646 41242 [Thread-13] DEBUG tree.FromReferenceNode  - Resolved : {synthetic-alias}.cp_tx_id -> billable0_.cp_tx_id
2014-12-04 18:21:40,648 41244 [Thread-13] DEBUG antlr.HqlSqlBaseWalker  - select : finishing up [level=1, statement=select]
2014-12-04 18:21:40,648 41244 [Thread-13] DEBUG ast.HqlSqlWalker  - processQuery() :  ( SELECT ( FromClause{level=1} billable_queue billable0_ ) ( WHERE ( = ( billable0_.cp_tx_id {synthetic-alias} cp_tx_id ) ? ) ) )
2014-12-04 18:21:40,651 41247 [Thread-13] DEBUG ast.HqlSqlWalker  - Derived SELECT clause created.
2014-12-04 18:21:40,654 41250 [Thread-13] DEBUG util.JoinProcessor  - Using FROM fragment [billable_queue billable0_]
2014-12-04 18:21:40,655 41251 [Thread-13] DEBUG antlr.HqlSqlBaseWalker  - select >> end [level=1, statement=select]
2014-12-04 18:21:40,656 41252 [Thread-13] DEBUG ast.QueryTranslatorImpl  - --- SQL AST ---
 \-[SELECT] QueryNode: 'SELECT'  querySpaces (billable_queue)
    +-[SELECT_CLAUSE] SelectClause: '{derived select clause}'
    |  +-[SELECT_EXPR] SelectExpressionImpl: 'billable0_.id as id0_' {FromElement{explicit,not a collection join,not a fetch join,fetch non-lazy properties,classAlias=null,role=null,tableName=billable_queue,tableAlias=billable0_,origin=null,columns={,className=com.pixelandtag.sms.producerthreads.Billable}}}
    |  \-[SQL_TOKEN] SqlFragment: 'billable0_.cp_id as cp2_0_, billable0_.cp_tx_id as cp3_0_, billable0_.discount_applied as discount4_0_, billable0_.event_type as event5_0_, billable0_.in_outgoing_queue as in6_0_, billable0_.keyword as keyword0_, billable0_.maxRetriesAllowed as maxRetri8_0_, billable0_.message_id as message9_0_, billable0_.msisdn as msisdn0_, billable0_.operation as operation0_, billable0_.price as price0_, billable0_.priority as priority0_, billable0_.processed as processed0_, billable0_.resp_status_code as resp15_0_, billable0_.retry_count as retry16_0_, billable0_.service_id as service17_0_, billable0_.shortcode as shortcode0_, billable0_.success as success0_, billable0_.timeStamp as timeStamp0_, billable0_.tx_id as tx21_0_'
    +-[FROM] FromClause: 'from' FromClause{level=1, fromElementCounter=1, fromElements=1, fromElementByClassAlias=[], fromElementByTableAlias=[billable0_], fromElementsByPath=[], collectionJoinFromElementsByPath=[], impliedElements=[]}
    |  \-[FROM_FRAGMENT] FromElement: 'billable_queue billable0_' FromElement{explicit,not a collection join,not a fetch join,fetch non-lazy properties,classAlias=null,role=null,tableName=billable_queue,tableAlias=billable0_,origin=null,columns={,className=com.pixelandtag.sms.producerthreads.Billable}}
    \-[WHERE] SqlNode: 'WHERE'
       \-[EQ] BinaryLogicOperatorNode: '='
          +-[DOT] DotNode: 'billable0_.cp_tx_id' {propertyName=cp_tx_id,dereferenceType=ALL,propertyPath=cp_tx_id,path={synthetic-alias}.cp_tx_id,tableAlias=billable0_,className=com.pixelandtag.sms.producerthreads.Billable,classAlias=null}
          |  +-[IDENT] IdentNode: '{synthetic-alias}' {originalText={synthetic-alias}}
          |  \-[IDENT] IdentNode: 'cp_tx_id' {originalText=cp_tx_id}
          \-[NAMED_PARAM] ParameterNode: '?' {name=cp_tx_id, expectedType=org.hibernate.type.LongType@24e6fbeb}

2014-12-04 18:21:40,656 41252 [Thread-13] DEBUG ast.ErrorCounter  - throwQueryException() : no errors
2014-12-04 18:21:40,661 41257 [Thread-13] DEBUG ast.QueryTranslatorImpl  - HQL: from com.pixelandtag.sms.producerthreads.Billable WHERE cp_tx_id =:cp_tx_id 
2014-12-04 18:21:40,662 41258 [Thread-13] DEBUG ast.QueryTranslatorImpl  - SQL: select billable0_.id as id0_, billable0_.cp_id as cp2_0_, billable0_.cp_tx_id as cp3_0_, billable0_.discount_applied as discount4_0_, billable0_.event_type as event5_0_, billable0_.in_outgoing_queue as in6_0_, billable0_.keyword as keyword0_, billable0_.maxRetriesAllowed as maxRetri8_0_, billable0_.message_id as message9_0_, billable0_.msisdn as msisdn0_, billable0_.operation as operation0_, billable0_.price as price0_, billable0_.priority as priority0_, billable0_.processed as processed0_, billable0_.resp_status_code as resp15_0_, billable0_.retry_count as retry16_0_, billable0_.service_id as service17_0_, billable0_.shortcode as shortcode0_, billable0_.success as success0_, billable0_.timeStamp as timeStamp0_, billable0_.tx_id as tx21_0_ from billable_queue billable0_ where billable0_.cp_tx_id=?
2014-12-04 18:21:40,662 41258 [Thread-13] DEBUG ast.ErrorCounter  - throwQueryException() : no errors
2014-12-04 18:21:40,691 41287 [Thread-13] DEBUG internal.LogicalConnectionImpl  - Obtaining JDBC connection
2014-12-04 18:21:40,691 41287 [Thread-13] DEBUG internal.LogicalConnectionImpl  - Obtained JDBC connection
2014-12-04 18:21:40,696 41292 [Thread-13] DEBUG hibernate.SQL  - select billable0_.id as id0_, billable0_.cp_id as cp2_0_, billable0_.cp_tx_id as cp3_0_, billable0_.discount_applied as discount4_0_, billable0_.event_type as event5_0_, billable0_.in_outgoing_queue as in6_0_, billable0_.keyword as keyword0_, billable0_.maxRetriesAllowed as maxRetri8_0_, billable0_.message_id as message9_0_, billable0_.msisdn as msisdn0_, billable0_.operation as operation0_, billable0_.price as price0_, billable0_.priority as priority0_, billable0_.processed as processed0_, billable0_.resp_status_code as resp15_0_, billable0_.retry_count as retry16_0_, billable0_.service_id as service17_0_, billable0_.shortcode as shortcode0_, billable0_.success as success0_, billable0_.timeStamp as timeStamp0_, billable0_.tx_id as tx21_0_ from billable_queue billable0_ where billable0_.cp_tx_id=?
2014-12-04 18:21:40,760 41356 [Thread-13] DEBUG internal.StatefulPersistenceContext  - Initializing non-lazy collections
2014-12-04 18:21:40,761 41357 [Thread-13] DEBUG spi.AbstractTransactionImpl  - begin
2014-12-04 18:21:40,761 41357 [Thread-13] DEBUG jdbc.JdbcTransaction  - initial autocommit status: false
2014-12-04 18:21:40,795 41391 [Thread-13] DEBUG id.IncrementGenerator  - Fetching initial value: select max(id) from billable_queue
2014-12-04 18:21:40,796 41392 [Thread-13] DEBUG hibernate.SQL  - select max(id) from billable_queue
2014-12-04 18:21:40,796 41392 [Thread-13] DEBUG id.IncrementGenerator  - First free id: 1
2014-12-04 18:21:40,796 41392 [Thread-13] DEBUG internal.AbstractSaveEventListener  - Generated identifier: 1, using strategy: org.hibernate.id.IncrementGenerator
2014-12-04 18:21:40,804 41400 [Thread-13] DEBUG spi.AbstractTransactionImpl  - committing
2014-12-04 18:21:40,804 41400 [Thread-13] DEBUG internal.AbstractFlushingEventListener  - Processing flush-time cascades
2014-12-04 18:21:40,805 41401 [Thread-13] DEBUG internal.AbstractFlushingEventListener  - Dirty checking collections
2014-12-04 18:21:40,806 41402 [Thread-13] DEBUG internal.AbstractFlushingEventListener  - Flushed: 1 insertions, 0 updates, 0 deletions to 1 objects
2014-12-04 18:21:40,807 41403 [Thread-13] DEBUG internal.AbstractFlushingEventListener  - Flushed: 0 (re)creations, 0 updates, 0 removals to 0 collections
2014-12-04 18:21:40,808 41404 [Thread-13] DEBUG util.EntityPrinter  - Listing entities:
2014-12-04 18:21:40,808 41404 [Thread-13] DEBUG util.EntityPrinter  - com.pixelandtag.sms.producerthreads.Billable{service_id=JOBS, cp_tx_id=1417706499672, timeStamp=null, msisdn=11, event_type=0, keyword=JOBS, message_id=3, in_outgoing_queue=0, discount_applied=0, retry_count=0, id=1, cp_id=CONTENT360_KE, operation=debit, processed=0, price=5.0, resp_status_code=null, priority=0, tx_id=1417706499672, shortcode=32329, maxRetriesAllowed=1, success=null}
2014-12-04 18:21:40,815 41411 [Thread-13] DEBUG hibernate.SQL  - insert into billable_queue (cp_id, cp_tx_id, discount_applied, event_type, in_outgoing_queue, keyword, maxRetriesAllowed, message_id, msisdn, operation, price, priority, processed, resp_status_code, retry_count, service_id, shortcode, success, tx_id, id) values (?, ?, ?, ?, ?, ?, ?, ?, ?, ?, ?, ?, ?, ?, ?, ?, ?, ?, ?, ?)
2014-12-04 18:21:40,817 41413 [Thread-13] DEBUG internal.BatchingBatch  - Executing batch size: 1
2014-12-04 18:21:40,834 41430 [Thread-13] DEBUG jdbc.JdbcTransaction  - committed JDBC Connection
2014-12-04 18:21:40,836 41432 [Thread-8] DEBUG db.DBPoolDataSource  - ClassLoader is of type: sun.misc.Launcher$AppClassLoader
2014-12-04 18:21:40,836 41432 [Thread-8] DEBUG ConnectionPool.DBPoolDataSource-Content360UnknownKeyword-processor-ds  - DBPoolDataSource-Content360UnknownKeyword-processor-ds: Parameters changed (minpool=0,maxpool=2,maxsize=3,idleTimeout=3600,cleanInterval=5000)
2014-12-04 18:21:40,836 41432 [Thread-8] INFO  ConnectionPool.DBPoolDataSource-Content360UnknownKeyword-processor-ds  - DBPoolDataSource-Content360UnknownKeyword-processor-ds: Getting connection (user/password): jdbc:mysql://localhost/pixeland_content360
2014-12-04 18:21:40,846 41442 [Thread-8] INFO  ConnectionPool.DBPoolDataSource-Content360UnknownKeyword-processor-ds  - DBPoolDataSource-Content360UnknownKeyword-processor-ds: Created a new connection
2014-12-04 18:21:40,846 41442 [Thread-8] DEBUG ConnectionPool.DBPoolDataSource-Content360UnknownKeyword-processor-ds  - DBPoolDataSource-Content360UnknownKeyword-processor-ds: Checkout - 1/1 (HitRate=0.0%)
2014-12-04 18:21:40,846 41442 [Thread-8] INFO  sms.Content360UnknownKeyword  - created connection! 
2014-12-04 18:21:40,847 41443 [Thread-8] DEBUG ConnectionPool.DBPoolDataSource-Content360UnknownKeyword-processor-ds  - DBPoolDataSource-Content360UnknownKeyword-processor-ds: Checkin  - 0/1
2014-12-04 18:21:40,847 41443 [Thread-8] DEBUG ConnectionPool.DBPoolDataSource-Content360UnknownKeyword-processor-ds  - DBPoolDataSource-Content360UnknownKeyword-processor-ds: Checkout - 1/1 (HitRate=50.0%)
2014-12-04 18:21:40,847 41443 [Thread-8] INFO  sms.Content360UnknownKeyword  - created connection! 
2014-12-04 18:21:40,854 41450 [Thread-8] DEBUG ConnectionPool.DBPoolDataSource-Content360UnknownKeyword-processor-ds  - DBPoolDataSource-Content360UnknownKeyword-processor-ds: PreparedStatement cache miss [SELECT * FROM pixeland_content360.message WHERE language_id = ? AND `key` = ? ORDER BY RAND() LIMIT 1,TYPE_FORWARD_ONLY,CONCUR_READ_ONLY,HOLD_CURSORS_OVER_COMMIT] - PS-HitRate=0.0%
2014-12-04 18:21:40,855 41451 [Thread-8] DEBUG util.UtilCelcom  - looking for :[UNKNOWN_KEYWORD_ADVICE], found [Welcome to content360 content platform. This is an auto response message.]
2014-12-04 18:21:40,855 41451 [Thread-8] DEBUG ConnectionPool.DBPoolDataSource-Content360UnknownKeyword-processor-ds  - DBPoolDataSource-Content360UnknownKeyword-processor-ds: Checkin  - 0/1
2014-12-04 18:21:40,856 41452 [Thread-8] DEBUG sms.Content360UnknownKeyword  - 





>>>>>>>>>>>>>>>> OUR MO >>>>>>>>>>>>>>>>> MOSms [mt_Sent=Welcome to content360 content platform. This is an auto response message., id=3, timeStamp=2014-12-04 18:21:39.0, mo_ack=0, mt_ack=0, MT_STATUS=Success, isSubscriptionPush=false, attribz={}, getSMS_Message_String()=jobs, getSMS_SourceAddr()=32329, getMsisdn()=11, getSMS_DataCodingId()=0, getCMPResponse()=null, getAPIType()=null, getCMP_AKeyword()=IOD, getCMP_SKeyword()=IOD0000, toString()=GenericMO [SMS_Message_String=jobs, SMS_SourceAddr=32329, SUB_Mobtel=11, SMS_DataCodingId=0, CMPResponse=null, APIType=null, CMP_AKeyword=IOD, CMP_SKeyword=IOD0000] GenericMessage [CMP_Txid=0000001417706499672, priority=0, number_of_sms=1, split_msg=false], getPrice()=5.0, getProcessor_id()=11, getServiceid()=363, isSplit_msg()=false, getNumber_of_sms()=1, getPriority()=0, getCMP_Txid()=0000001417706499672]




2014-12-04 18:21:40,856 41452 [Thread-8] DEBUG ConnectionPool.DBPoolDataSource-Content360UnknownKeyword-processor-ds  - DBPoolDataSource-Content360UnknownKeyword-processor-ds: Checkout - 1/1 (HitRate=66.66667%)
2014-12-04 18:21:40,856 41452 [Thread-8] INFO  sms.Content360UnknownKeyword  - created connection! 
2014-12-04 18:21:40,858 41454 [Thread-8] DEBUG ConnectionPool.DBPoolDataSource-Content360UnknownKeyword-processor-ds  - DBPoolDataSource-Content360UnknownKeyword-processor-ds: Checkin  - 0/1
